####################################################################################################
Computing Kronecker coefficient for the 15625 6-uplet of partitions of 4:
Reference partitions:
	[(1, 1, 1, 1), (4,), (2, 1, 1), (2, 1, 1), (4,), (2, 1, 1)]
	[(1, 1, 1, 1), (1, 1, 1, 1), (2, 2), (1, 1, 1, 1), (2, 2), (4,)]
	[(1, 1, 1, 1), (3, 1), (2, 1, 1), (1, 1, 1, 1), (2, 2), (3, 1)]
	[(1, 1, 1, 1), (1, 1, 1, 1), (2, 1, 1), (4,), (2, 1, 1), (4,)]
	[(2, 1, 1), (1, 1, 1, 1), (2, 1, 1), (2, 1, 1), (4,), (4,)]
	[(4,), (2, 1, 1), (2, 2), (4,), (2, 1, 1), (2, 1, 1)]
	[(3, 1), (2, 1, 1), (2, 2), (4,), (2, 1, 1), (1, 1, 1, 1)]
	[(3, 1), (3, 1), (2, 1, 1), (1, 1, 1, 1), (4,), (3, 1)]
	[(4,), (4,), (2, 2), (4,), (2, 1, 1), (4,)]
	[(3, 1), (2, 2), (2, 2), (1, 1, 1, 1), (1, 1, 1, 1), (3, 1)]

Using method OrigFix2:
100%|████████████████████████████████████████████████████████| 15625/15625 [01:12<00:00, 216.69it/s]
Check on the reference partitions: [1, 1, 2, 1, 1, 2, 2, 4, 0, 2]

Using method FullProductSage:
100%|████████████████████████████████████████████████████████| 15625/15625 [00:35<00:00, 438.14it/s]
Check on the reference partitions: [1, 1, 2, 1, 1, 2, 2, 4, 0, 2]

Using method NupletCache:
100%|██████████████████████████████████████████████████████| 15625/15625 [00:00<00:00, 49392.65it/s]
Check on the reference partitions: [1, 1, 2, 1, 1, 2, 2, 4, 0, 2]
Cache info: #cache=126, #hit=15509, #miss=126

Using method NupletCacheMultiLevel:
100%|██████████████████████████████████████████████████████| 15625/15625 [00:00<00:00, 83840.47it/s]
Check on the reference partitions: [1, 1, 2, 1, 1, 2, 2, 4, 0, 2]
Cache info: #cache=246, #hit=15620, #miss=246

Using method NupletCacheMultiLevel2:
100%|█████████████████████████████████████████████████████| 15625/15625 [00:00<00:00, 108467.22it/s]
Check on the reference partitions: [1, 1, 2, 1, 1, 2, 2, 4, 0, 2]
Cache info: #cache=176, #hit=15746, #miss=176

Using method NupletCacheMultiLevel3:
100%|█████████████████████████████████████████████████████| 15625/15625 [00:00<00:00, 250299.81it/s]
Check on the reference partitions: [1, 1, 2, 1, 1, 2, 2, 4, 0, 2]
Cache info: #cache=50, #hit=31255, #miss=50

Using method NupletCacheMultiLevel3Load:
100%|█████████████████████████████████████████████████████| 15625/15625 [00:00<00:00, 276572.22it/s]
Check on the reference partitions: [1, 1, 2, 1, 1, 2, 2, 4, 0, 2]
Cache info: #cache=50, #hit=31270, #miss=35

Using method NupletCacheMultiLevelRaw:
100%|██████████████████████████████████████████████████████| 15625/15625 [00:00<00:00, 52880.31it/s]
Check on the reference partitions: [1, 1, 2, 1, 1, 2, 2, 4, 0, 2]
Cache info: #cache=246, #hit=15620, #miss=246

Using method NupletCacheMultiLevelRaw2:
100%|██████████████████████████████████████████████████████| 15625/15625 [00:00<00:00, 61336.07it/s]
Check on the reference partitions: [1, 1, 2, 1, 1, 2, 2, 4, 0, 2]
Cache info: #cache=176, #hit=15746, #miss=176

Using method TripletCache:
100%|█████████████████████████████████████████████████████| 15625/15625 [00:00<00:00, 104695.95it/s]
Check on the reference partitions: [1, 1, 2, 1, 1, 2, 2, 4, 0, 2]
Cache info: #cache=15, #hit=152323, #miss=15

Using method TripletCacheLoad:
100%|██████████████████████████████████████████████████████| 15625/15625 [00:00<00:00, 96204.15it/s]
Check on the reference partitions: [1, 1, 2, 1, 1, 2, 2, 4, 0, 2]
Cache info: #cache=15, #hit=152338, #miss=0



####################################################################################################
Computing Kronecker coefficient for the 2401 4-uplet of partitions of 5:
Reference partitions:
	[(5,), (2, 2, 1), (1, 1, 1, 1, 1), (3, 1, 1)]
	[(2, 1, 1, 1), (3, 2), (4, 1), (5,)]
	[(3, 1, 1), (4, 1), (4, 1), (4, 1)]
	[(2, 2, 1), (2, 1, 1, 1), (5,), (3, 2)]
	[(2, 2, 1), (2, 1, 1, 1), (4, 1), (2, 2, 1)]
	[(1, 1, 1, 1, 1), (3, 1, 1), (2, 1, 1, 1), (4, 1)]
	[(2, 2, 1), (3, 2), (1, 1, 1, 1, 1), (3, 1, 1)]
	[(1, 1, 1, 1, 1), (2, 2, 1), (2, 1, 1, 1), (3, 2)]
	[(3, 1, 1), (2, 2, 1), (4, 1), (3, 2)]
	[(3, 1, 1), (2, 1, 1, 1), (5,), (4, 1)]

Using method Orig:
100%|██████████████████████████████████████████████████████████| 2401/2401 [00:06<00:00, 360.50it/s]
Check on the reference partitions: [0, 0, 0, 0, 0, 0, 0, 0, 0, 0]

Using method OrigFix1:
100%|██████████████████████████████████████████████████████████| 2401/2401 [00:06<00:00, 358.56it/s]
Check on the reference partitions: [0, 0, 3, 1, 3, 1, 1, 1, 5, 1]

Using method OrigFix2:
100%|██████████████████████████████████████████████████████████| 2401/2401 [00:03<00:00, 693.00it/s]
Check on the reference partitions: [0, 0, 3, 1, 3, 1, 1, 1, 5, 1]

Using method FullProductSage:
100%|██████████████████████████████████████████████████████████| 2401/2401 [00:03<00:00, 656.96it/s]
Check on the reference partitions: [0, 0, 3, 1, 3, 1, 1, 1, 5, 1]

Using method NupletCache:
100%|████████████████████████████████████████████████████████| 2401/2401 [00:00<00:00, 17469.99it/s]
Check on the reference partitions: [0, 0, 3, 1, 3, 1, 1, 1, 5, 1]
Cache info: #cache=84, #hit=2327, #miss=84

Using method NupletCacheMultiLevel:
100%|████████████████████████████████████████████████████████| 2401/2401 [00:00<00:00, 23175.88it/s]
Check on the reference partitions: [0, 0, 3, 1, 3, 1, 1, 1, 5, 1]
Cache info: #cache=112, #hit=2383, #miss=112

Using method NupletCacheMultiLevel2:
100%|████████████████████████████████████████████████████████| 2401/2401 [00:00<00:00, 23484.43it/s]
Check on the reference partitions: [0, 0, 3, 1, 3, 1, 1, 1, 5, 1]
Cache info: #cache=112, #hit=2383, #miss=112

Using method NupletCacheMultiLevel3:
100%|████████████████████████████████████████████████████████| 2401/2401 [00:00<00:00, 95562.09it/s]
Check on the reference partitions: [0, 0, 3, 1, 3, 1, 1, 1, 5, 1]
Cache info: #cache=28, #hit=4794, #miss=28

Using method NupletCacheMultiLevel3Load:
100%|███████████████████████████████████████████████████████| 2401/2401 [00:00<00:00, 367994.00it/s]
Check on the reference partitions: [0, 0, 3, 1, 3, 1, 1, 1, 5, 1]
Cache info: #cache=28, #hit=4822, #miss=0

Using method NupletCacheMultiLevelRaw:
100%|████████████████████████████████████████████████████████| 2401/2401 [00:00<00:00, 18273.70it/s]
Check on the reference partitions: [0, 0, 3, 1, 3, 1, 1, 1, 5, 1]
Cache info: #cache=112, #hit=2383, #miss=112

Using method NupletCacheMultiLevelRaw2:
100%|████████████████████████████████████████████████████████| 2401/2401 [00:00<00:00, 20520.01it/s]
Check on the reference partitions: [0, 0, 3, 1, 3, 1, 1, 1, 5, 1]
Cache info: #cache=112, #hit=2383, #miss=112

Using method TripletCache:
100%|████████████████████████████████████████████████████████| 2401/2401 [00:00<00:00, 97397.62it/s]
Check on the reference partitions: [0, 0, 3, 1, 3, 1, 1, 1, 5, 1]
Cache info: #cache=28, #hit=4794, #miss=28

Using method TripletCacheLoad:
100%|███████████████████████████████████████████████████████| 2401/2401 [00:00<00:00, 122880.20it/s]
Check on the reference partitions: [0, 0, 3, 1, 3, 1, 1, 1, 5, 1]
Cache info: #cache=28, #hit=4822, #miss=0



####################################################################################################
Computing Kronecker coefficient for the 16807 5-uplet of partitions of 5:
Reference partitions:
	[(5,), (1, 1, 1, 1, 1), (2, 2, 1), (1, 1, 1, 1, 1), (4, 1)]
	[(4, 1), (1, 1, 1, 1, 1), (5,), (4, 1), (1, 1, 1, 1, 1)]
	[(2, 2, 1), (2, 2, 1), (3, 1, 1), (2, 1, 1, 1), (1, 1, 1, 1, 1)]
	[(2, 2, 1), (4, 1), (4, 1), (5,), (4, 1)]
	[(2, 1, 1, 1), (2, 1, 1, 1), (5,), (5,), (4, 1)]
	[(3, 2), (3, 2), (2, 2, 1), (3, 2), (2, 2, 1)]
	[(3, 1, 1), (3, 2), (4, 1), (4, 1), (1, 1, 1, 1, 1)]
	[(2, 1, 1, 1), (3, 2), (5,), (5,), (1, 1, 1, 1, 1)]
	[(2, 2, 1), (3, 1, 1), (2, 2, 1), (3, 1, 1), (1, 1, 1, 1, 1)]
	[(3, 2), (3, 1, 1), (4, 1), (3, 1, 1), (3, 1, 1)]

Using method OrigFix2:
100%|████████████████████████████████████████████████████████| 16807/16807 [01:22<00:00, 203.23it/s]
Check on the reference partitions: [0, 1, 5, 2, 1, 26, 4, 0, 8, 36]

Using method FullProductSage:
100%|████████████████████████████████████████████████████████| 16807/16807 [00:42<00:00, 397.29it/s]
Check on the reference partitions: [0, 1, 5, 2, 1, 26, 4, 0, 8, 36]

Using method NupletCache:
100%|██████████████████████████████████████████████████████| 16807/16807 [00:00<00:00, 28921.27it/s]
Check on the reference partitions: [0, 1, 5, 2, 1, 26, 4, 0, 8, 36]
Cache info: #cache=210, #hit=16607, #miss=210

Using method NupletCacheMultiLevel:
100%|██████████████████████████████████████████████████████| 16807/16807 [00:00<00:00, 46718.05it/s]
Check on the reference partitions: [0, 1, 5, 2, 1, 26, 4, 0, 8, 36]
Cache info: #cache=322, #hit=16789, #miss=322

Using method NupletCacheMultiLevel2:
100%|██████████████████████████████████████████████████████| 16807/16807 [00:00<00:00, 59227.63it/s]
Check on the reference partitions: [0, 1, 5, 2, 1, 26, 4, 0, 8, 36]
Cache info: #cache=238, #hit=16999, #miss=238

Using method NupletCacheMultiLevel3:
100%|█████████████████████████████████████████████████████| 16807/16807 [00:00<00:00, 122551.86it/s]
Check on the reference partitions: [0, 1, 5, 2, 1, 26, 4, 0, 8, 36]
Cache info: #cache=112, #hit=33606, #miss=112

Using method NupletCacheMultiLevel3Load:
100%|█████████████████████████████████████████████████████| 16807/16807 [00:00<00:00, 143817.67it/s]
Check on the reference partitions: [0, 1, 5, 2, 1, 26, 4, 0, 8, 36]
Cache info: #cache=112, #hit=33634, #miss=84

Using method NupletCacheMultiLevelRaw:
100%|██████████████████████████████████████████████████████| 16807/16807 [00:00<00:00, 33720.86it/s]
Check on the reference partitions: [0, 1, 5, 2, 1, 26, 4, 0, 8, 36]
Cache info: #cache=322, #hit=16789, #miss=322

Using method NupletCacheMultiLevelRaw2:
100%|██████████████████████████████████████████████████████| 16807/16807 [00:00<00:00, 42350.98it/s]
Check on the reference partitions: [0, 1, 5, 2, 1, 26, 4, 0, 8, 36]
Cache info: #cache=238, #hit=16999, #miss=238

Using method TripletCache:
100%|█████████████████████████████████████████████████████| 16807/16807 [00:00<00:00, 137184.31it/s]
Check on the reference partitions: [0, 1, 5, 2, 1, 26, 4, 0, 8, 36]
Cache info: #cache=28, #hit=108629, #miss=28

Using method TripletCacheLoad:
100%|█████████████████████████████████████████████████████| 16807/16807 [00:00<00:00, 129901.78it/s]
Check on the reference partitions: [0, 1, 5, 2, 1, 26, 4, 0, 8, 36]
Cache info: #cache=28, #hit=108657, #miss=0



####################################################################################################
Computing Kronecker coefficient for the 14641 4-uplet of partitions of 6:
Reference partitions:
	[(2, 2, 1, 1), (4, 2), (5, 1), (5, 1)]
	[(3, 2, 1), (4, 2), (3, 2, 1), (4, 2)]
	[(4, 2), (1, 1, 1, 1, 1, 1), (3, 1, 1, 1), (3, 3)]
	[(2, 2, 2), (4, 2), (3, 2, 1), (3, 2, 1)]
	[(2, 1, 1, 1, 1), (5, 1), (3, 3), (1, 1, 1, 1, 1, 1)]
	[(6,), (3, 2, 1), (6,), (6,)]
	[(2, 1, 1, 1, 1), (2, 2, 1, 1), (4, 1, 1), (2, 2, 2)]
	[(3, 1, 1, 1), (1, 1, 1, 1, 1, 1), (3, 3), (3, 1, 1, 1)]
	[(5, 1), (6,), (1, 1, 1, 1, 1, 1), (6,)]
	[(3, 1, 1, 1), (4, 1, 1), (5, 1), (3, 1, 1, 1)]

Using method Orig:
100%|████████████████████████████████████████████████████████| 14641/14641 [01:35<00:00, 154.10it/s]
Check on the reference partitions: [0, 0, 0, 0, 0, 0, 0, 0, 0, 0]

Using method OrigFix1:
100%|████████████████████████████████████████████████████████| 14641/14641 [01:34<00:00, 154.69it/s]
Check on the reference partitions: [1, 29, 1, 16, 0, 0, 3, 1, 0, 7]

Using method OrigFix2:
100%|████████████████████████████████████████████████████████| 14641/14641 [00:36<00:00, 404.15it/s]
Check on the reference partitions: [1, 29, 1, 16, 0, 0, 3, 1, 0, 7]

Using method FullProductSage:
100%|████████████████████████████████████████████████████████| 14641/14641 [00:40<00:00, 363.09it/s]
Check on the reference partitions: [1, 29, 1, 16, 0, 0, 3, 1, 0, 7]

Using method NupletCache:
100%|██████████████████████████████████████████████████████| 14641/14641 [00:00<00:00, 17325.25it/s]
Check on the reference partitions: [1, 29, 1, 16, 0, 0, 3, 1, 0, 7]
Cache info: #cache=286, #hit=14365, #miss=286

Using method NupletCacheMultiLevel:
100%|██████████████████████████████████████████████████████| 14641/14641 [00:00<00:00, 24547.41it/s]
Check on the reference partitions: [1, 29, 1, 16, 0, 0, 3, 1, 0, 7]
Cache info: #cache=352, #hit=14585, #miss=352

Using method NupletCacheMultiLevel2:
100%|██████████████████████████████████████████████████████| 14641/14641 [00:00<00:00, 24582.21it/s]
Check on the reference partitions: [1, 29, 1, 16, 0, 0, 3, 1, 0, 7]
Cache info: #cache=352, #hit=14585, #miss=352

Using method NupletCacheMultiLevel3:
100%|█████████████████████████████████████████████████████| 14641/14641 [00:00<00:00, 126310.86it/s]
Check on the reference partitions: [1, 29, 1, 16, 0, 0, 3, 1, 0, 7]
Cache info: #cache=66, #hit=29236, #miss=66

Using method NupletCacheMultiLevel3Load:
100%|█████████████████████████████████████████████████████| 14641/14641 [00:00<00:00, 416537.03it/s]
Check on the reference partitions: [1, 29, 1, 16, 0, 0, 3, 1, 0, 7]
Cache info: #cache=66, #hit=29302, #miss=0

Using method NupletCacheMultiLevelRaw:
100%|██████████████████████████████████████████████████████| 14641/14641 [00:00<00:00, 20176.82it/s]
Check on the reference partitions: [1, 29, 1, 16, 0, 0, 3, 1, 0, 7]
Cache info: #cache=352, #hit=14585, #miss=352

Using method NupletCacheMultiLevelRaw2:
100%|██████████████████████████████████████████████████████| 14641/14641 [00:00<00:00, 21219.34it/s]
Check on the reference partitions: [1, 29, 1, 16, 0, 0, 3, 1, 0, 7]
Cache info: #cache=352, #hit=14585, #miss=352

Using method TripletCache:
100%|█████████████████████████████████████████████████████| 14641/14641 [00:00<00:00, 133232.67it/s]
Check on the reference partitions: [1, 29, 1, 16, 0, 0, 3, 1, 0, 7]
Cache info: #cache=66, #hit=29236, #miss=66

Using method TripletCacheLoad:
100%|█████████████████████████████████████████████████████| 14641/14641 [00:00<00:00, 280646.42it/s]
Check on the reference partitions: [1, 29, 1, 16, 0, 0, 3, 1, 0, 7]
Cache info: #cache=66, #hit=29302, #miss=0



####################################################################################################
Computing Kronecker coefficient for the 19487171 7-uplet of partitions of 6:
Reference partitions:
	[(2, 2, 1, 1), (5, 1), (1, 1, 1, 1, 1, 1), (2, 2, 2), (3, 1, 1, 1), (2, 2, 1, 1), (3, 3)]
	[(2, 1, 1, 1, 1), (2, 2, 2), (4, 2), (3, 1, 1, 1), (2, 2, 2), (2, 1, 1, 1, 1), (2, 2, 1, 1)]
	[(4, 2), (2, 2, 1, 1), (6,), (2, 1, 1, 1, 1), (6,), (2, 2, 2), (1, 1, 1, 1, 1, 1)]
	[(4, 1, 1), (1, 1, 1, 1, 1, 1), (3, 1, 1, 1), (2, 2, 2), (2, 1, 1, 1, 1), (2, 2, 2), (3, 1, 1, 1)]
	[(3, 3), (1, 1, 1, 1, 1, 1), (6,), (3, 1, 1, 1), (3, 3), (3, 1, 1, 1), (6,)]
	[(2, 2, 1, 1), (3, 3), (2, 2, 1, 1), (2, 2, 2), (3, 1, 1, 1), (1, 1, 1, 1, 1, 1), (3, 2, 1)]
	[(2, 2, 2), (3, 2, 1), (3, 3), (2, 2, 1, 1), (3, 3), (3, 2, 1), (5, 1)]
	[(2, 1, 1, 1, 1), (2, 2, 1, 1), (2, 2, 2), (4, 2), (2, 2, 2), (5, 1), (3, 2, 1)]
	[(2, 2, 1, 1), (4, 2), (3, 1, 1, 1), (3, 2, 1), (3, 2, 1), (4, 1, 1), (1, 1, 1, 1, 1, 1)]
	[(2, 2, 1, 1), (3, 3), (2, 2, 2), (6,), (2, 2, 2), (4, 1, 1), (4, 2)]

Using method NupletCache:
100%|███████████████████████████████████████████████| 19487171/19487171 [01:34<00:00, 206229.36it/s]
Check on the reference partitions: [136, 703, 4, 175, 3, 450, 2000, 1125, 2880, 130]
Cache info: #cache=8008, #hit=19479173, #miss=8008

Using method NupletCacheMultiLevel:
100%|███████████████████████████████████████████████| 19487171/19487171 [00:50<00:00, 389186.83it/s]
Check on the reference partitions: [136, 703, 4, 175, 3, 450, 2000, 1125, 2880, 130]
Cache info: #cache=12364, #hit=19487115, #miss=12364

Using method NupletCacheMultiLevel2:
100%|███████████████████████████████████████████████| 19487171/19487171 [00:45<00:00, 425393.83it/s]
Check on the reference partitions: [136, 703, 4, 175, 3, 450, 2000, 1125, 2880, 130]
Cache info: #cache=8360, #hit=19495123, #miss=8360

Using method NupletCacheMultiLevel3:
100%|███████████████████████████████████████████████| 19487171/19487171 [00:59<00:00, 329217.34it/s]
Check on the reference partitions: [136, 703, 4, 175, 3, 450, 2000, 1125, 2880, 130]
Cache info: #cache=1353, #hit=38975297, #miss=1353

Using method NupletCacheMultiLevel3Load:
100%|███████████████████████████████████████████████| 19487171/19487171 [01:01<00:00, 317630.05it/s]
Check on the reference partitions: [136, 703, 4, 175, 3, 450, 2000, 1125, 2880, 130]
Cache info: #cache=1353, #hit=38975363, #miss=1287

Using method NupletCacheMultiLevelRaw:
100%|████████████████████████████████████████████████| 19487171/19487171 [03:40<00:00, 88387.34it/s]
Check on the reference partitions: [136, 703, 4, 175, 3, 450, 2000, 1125, 2880, 130]
Cache info: #cache=12364, #hit=19487115, #miss=12364

Using method NupletCacheMultiLevelRaw2:
100%|████████████████████████████████████████████████| 19487171/19487171 [03:31<00:00, 92349.17it/s]
Check on the reference partitions: [136, 703, 4, 175, 3, 450, 2000, 1125, 2880, 130]
Cache info: #cache=8360, #hit=19495123, #miss=8360

Using method TripletCache:
 50%|████████████████████████▉                         | 9717285/19487171 [38:20<38:32, 4224.07it/s]




####################################################################################################
Computing Kronecker coefficient for the 11390625 6-uplet of partitions of 7:
Reference partitions:
	[(4, 1, 1, 1), (4, 1, 1, 1), (4, 3), (3, 1, 1, 1, 1), (3, 1, 1, 1, 1), (1, 1, 1, 1, 1, 1, 1)]
	[(4, 2, 1), (3, 1, 1, 1, 1), (4, 2, 1), (2, 1, 1, 1, 1, 1), (5, 2), (2, 1, 1, 1, 1, 1)]
	[(7,), (5, 1, 1), (3, 2, 2), (3, 1, 1, 1, 1), (4, 1, 1, 1), (2, 2, 1, 1, 1)]
	[(5, 1, 1), (3, 3, 1), (3, 2, 2), (1, 1, 1, 1, 1, 1, 1), (2, 2, 2, 1), (4, 2, 1)]
	[(2, 2, 2, 1), (3, 3, 1), (4, 1, 1, 1), (4, 2, 1), (1, 1, 1, 1, 1, 1, 1), (4, 2, 1)]
	[(3, 3, 1), (2, 2, 2, 1), (1, 1, 1, 1, 1, 1, 1), (5, 2), (5, 1, 1), (5, 2)]
	[(4, 2, 1), (5, 2), (3, 3, 1), (1, 1, 1, 1, 1, 1, 1), (3, 3, 1), (3, 1, 1, 1, 1)]
	[(3, 1, 1, 1, 1), (2, 2, 1, 1, 1), (5, 1, 1), (5, 2), (1, 1, 1, 1, 1, 1, 1), (4, 3)]
	[(2, 1, 1, 1, 1, 1), (2, 2, 1, 1, 1), (2, 2, 2, 1), (4, 2, 1), (2, 1, 1, 1, 1, 1), (4, 1, 1, 1)]
	[(1, 1, 1, 1, 1, 1, 1), (4, 2, 1), (2, 1, 1, 1, 1, 1), (2, 1, 1, 1, 1, 1), (3, 3, 1), (3, 3, 1)]

Using method NupletCache:
100%|████████████████████████████████████████████████| 11390625/11390625 [02:48<00:00, 67515.73it/s]
Check on the reference partitions: [250, 1788, 261, 643, 1429, 175, 642, 107, 982, 109]
Cache info: #cache=11628, #hit=11379007, #miss=11628

Using method NupletCacheMultiLevel:
100%|███████████████████████████████████████████████| 11390625/11390625 [01:21<00:00, 139019.68it/s]
Check on the reference partitions: [250, 1788, 261, 643, 1429, 175, 642, 107, 982, 109]
Cache info: #cache=15488, #hit=11390515, #miss=15488

Using method NupletCacheMultiLevel2:
100%|███████████████████████████████████████████████| 11390625/11390625 [01:24<00:00, 134366.59it/s]
Check on the reference partitions: [250, 1788, 261, 643, 1429, 175, 642, 107, 982, 109]
Cache info: #cache=12428, #hit=11402143, #miss=12428

Using method NupletCacheMultiLevel3:
100%|███████████████████████████████████████████████| 11390625/11390625 [00:43<00:00, 260197.75it/s]
Check on the reference partitions: [250, 1788, 261, 643, 1429, 175, 642, 107, 982, 109]
Cache info: #cache=800, #hit=22781150, #miss=800

Using method NupletCacheMultiLevel3Load:
100%|███████████████████████████████████████████████| 11390625/11390625 [00:44<00:00, 256302.58it/s]
Check on the reference partitions: [250, 1788, 261, 643, 1429, 175, 642, 107, 982, 109]
Cache info: #cache=800, #hit=22781270, #miss=680

Using method NupletCacheMultiLevelRaw:
100%|████████████████████████████████████████████████| 11390625/11390625 [02:54<00:00, 65278.73it/s]
Check on the reference partitions: [250, 1788, 261, 643, 1429, 175, 642, 107, 982, 109]
Cache info: #cache=15488, #hit=11390515, #miss=15488

Using method NupletCacheMultiLevelRaw2:
100%|████████████████████████████████████████████████| 11390625/11390625 [02:49<00:00, 67384.24it/s]
Check on the reference partitions: [250, 1788, 261, 643, 1429, 175, 642, 107, 982, 109]
Cache info: #cache=12428, #hit=11402143, #miss=12428

Using method TripletCache:
100%|█████████████████████████████████████████████████| 11390625/11390625 [27:18<00:00, 6952.96it/s]
Check on the reference partitions: [250, 1788, 261, 643, 1429, 175, 642, 107, 982, 109]
Cache info: #cache=120, #hit=1498497333, #miss=120

Using method TripletCacheLoad:
 21%|██████████▌                                       | 2418199/11390625 [03:06 21%|██████████▌                                       | 2418838/11390625 [03:06 21%|██████████▌                                   100%|█████████████████████████████████████████████████| 11390625/11390625 [27:07<00:00, 6996.85it/s]25 [03:07<21:30, 6952.02it/s]
Check on the reference partitions: [250, 1788, 261, 643, 1429, 175, 642, 107, 982, 109]
Cache info: #cache=120, #hit=1498497453, #miss=0



####################################################################################################
Computing Kronecker coefficient for the 10648 3-uplet of partitions of 8:
Reference partitions:
	[(5, 2, 1), (1, 1, 1, 1, 1, 1, 1, 1), (2, 2, 2, 2)]
	[(5, 1, 1, 1), (3, 2, 2, 1), (4, 2, 2)]
	[(7, 1), (4, 2, 2), (1, 1, 1, 1, 1, 1, 1, 1)]
	[(5, 1, 1, 1), (1, 1, 1, 1, 1, 1, 1, 1), (3, 2, 1, 1, 1)]
	[(8,), (3, 1, 1, 1, 1, 1), (6, 1, 1)]
	[(5, 2, 1), (4, 1, 1, 1, 1), (2, 2, 2, 1, 1)]
	[(4, 4), (8,), (3, 2, 2, 1)]
	[(2, 1, 1, 1, 1, 1, 1), (2, 2, 1, 1, 1, 1), (1, 1, 1, 1, 1, 1, 1, 1)]
	[(2, 2, 1, 1, 1, 1), (4, 2, 2), (2, 1, 1, 1, 1, 1, 1)]
	[(1, 1, 1, 1, 1, 1, 1, 1), (5, 1, 1, 1), (3, 3, 2)]

Using method Orig:
100%|████████████████████████████████████████████████████████| 10648/10648 [00:31<00:00, 336.07it/s]
Check on the reference partitions: [0, 3, 0, 0, 0, 2, 0, 0, 0, 0]

Using method OrigFix1:
100%|████████████████████████████████████████████████████████| 10648/10648 [00:31<00:00, 336.32it/s]
Check on the reference partitions: [0, 3, 0, 0, 0, 2, 0, 0, 0, 0]

Using method OrigFix2:
100%|████████████████████████████████████████████████████████| 10648/10648 [00:31<00:00, 335.81it/s]
Check on the reference partitions: [0, 3, 0, 0, 0, 2, 0, 0, 0, 0]

Using method FullProductSage:
100%|████████████████████████████████████████████████████████| 10648/10648 [00:31<00:00, 336.17it/s]
Check on the reference partitions: [0, 3, 0, 0, 0, 2, 0, 0, 0, 0]

Using method NupletCache:
100%|██████████████████████████████████████████████████████| 10648/10648 [00:00<00:00, 13692.64it/s]
Check on the reference partitions: [0, 3, 0, 0, 0, 2, 0, 0, 0, 0]
Cache info: #cache=253, #hit=10405, #miss=253

Using method NupletCacheMultiLevel:
100%|██████████████████████████████████████████████████████| 10648/10648 [00:00<00:00, 13733.59it/s]
Check on the reference partitions: [0, 3, 0, 0, 0, 2, 0, 0, 0, 0]
Cache info: #cache=253, #hit=10405, #miss=253

Using method NupletCacheMultiLevel2:
100%|██████████████████████████████████████████████████████| 10648/10648 [00:00<00:00, 13264.99it/s]
Check on the reference partitions: [0, 3, 0, 0, 0, 2, 0, 0, 0, 0]
Cache info: #cache=253, #hit=10405, #miss=253

Using method NupletCacheMultiLevel3:
100%|██████████████████████████████████████████████████████| 10648/10648 [00:00<00:00, 13667.00it/s]
Check on the reference partitions: [0, 3, 0, 0, 0, 2, 0, 0, 0, 0]
Cache info: #cache=253, #hit=10405, #miss=253

Using method NupletCacheMultiLevel3Load:
100%|█████████████████████████████████████████████████████| 10648/10648 [00:00<00:00, 356648.48it/s]
Check on the reference partitions: [0, 3, 0, 0, 0, 2, 0, 0, 0, 0]
Cache info: #cache=253, #hit=10658, #miss=0

Using method NupletCacheMultiLevelRaw:
100%|██████████████████████████████████████████████████████| 10648/10648 [00:00<00:00, 11790.65it/s]
Check on the reference partitions: [0, 3, 0, 0, 0, 2, 0, 0, 0, 0]
Cache info: #cache=253, #hit=10405, #miss=253

Using method NupletCacheMultiLevelRaw2:
100%|██████████████████████████████████████████████████████| 10648/10648 [00:00<00:00, 12200.64it/s]
Check on the reference partitions: [0, 3, 0, 0, 0, 2, 0, 0, 0, 0]
Cache info: #cache=253, #hit=10405, #miss=253

Using method TripletCache:
100%|██████████████████████████████████████████████████████| 10648/10648 [00:00<00:00, 13502.25it/s]
Check on the reference partitions: [0, 3, 0, 0, 0, 2, 0, 0, 0, 0]
Cache info: #cache=253, #hit=10405, #miss=253

Using method TripletCacheLoad:
100%|█████████████████████████████████████████████████████| 10648/10648 [00:00<00:00, 285603.42it/s]
Check on the reference partitions: [0, 3, 0, 0, 0, 2, 0, 0, 0, 0]
Cache info: #cache=253, #hit=10658, #miss=0



####################################################################################################
Computing Kronecker coefficient for the 234256 4-uplet of partitions of 8:
Reference partitions:
	[(4, 4), (3, 2, 1, 1, 1), (4, 2, 2), (4, 2, 1, 1)]
	[(2, 2, 1, 1, 1, 1), (3, 3, 2), (2, 2, 2, 1, 1), (3, 1, 1, 1, 1, 1)]
	[(3, 2, 2, 1), (4, 2, 1, 1), (5, 1, 1, 1), (2, 2, 2, 1, 1)]
	[(4, 2, 1, 1), (4, 1, 1, 1, 1), (6, 1, 1), (7, 1)]
	[(4, 2, 2), (4, 1, 1, 1, 1), (2, 2, 2, 1, 1), (3, 1, 1, 1, 1, 1)]
	[(3, 3, 2), (2, 1, 1, 1, 1, 1, 1), (3, 3, 2), (1, 1, 1, 1, 1, 1, 1, 1)]
	[(2, 1, 1, 1, 1, 1, 1), (5, 3), (4, 4), (4, 4)]
	[(3, 2, 2, 1), (4, 2, 2), (8,), (3, 2, 1, 1, 1)]
	[(6, 2), (3, 1, 1, 1, 1, 1), (3, 3, 1, 1), (4, 4)]
	[(4, 4), (3, 3, 2), (2, 2, 2, 1, 1), (6, 1, 1)]

Using method NupletCache:
100%|████████████████████████████████████████████████████| 234256/234256 [00:16<00:00, 14270.49it/s]
Check on the reference partitions: [112, 11, 154, 12, 27, 1, 1, 7, 8, 8]
Cache info: #cache=2024, #hit=232242, #miss=2024

Using method NupletCacheMultiLevel:
100%|████████████████████████████████████████████████████| 234256/234256 [00:11<00:00, 19921.54it/s]
Check on the reference partitions: [112, 11, 154, 12, 27, 1, 1, 7, 8, 8]
Cache info: #cache=2277, #hit=234013, #miss=2277

Using method NupletCacheMultiLevel2:
100%|████████████████████████████████████████████████████| 234256/234256 [00:11<00:00, 19872.77it/s]
Check on the reference partitions: [112, 11, 154, 12, 27, 1, 1, 7, 8, 8]
Cache info: #cache=2277, #hit=234013, #miss=2277

Using method NupletCacheMultiLevel3:
100%|███████████████████████████████████████████████████| 234256/234256 [00:01<00:00, 167709.56it/s]
Check on the reference partitions: [112, 11, 154, 12, 27, 1, 1, 7, 8, 8]
Cache info: #cache=253, #hit=468279, #miss=253

Using method NupletCacheMultiLevel3Load:
100%|███████████████████████████████████████████████████| 234256/234256 [00:00<00:00, 367595.50it/s]
Check on the reference partitions: [112, 11, 154, 12, 27, 1, 1, 7, 8, 8]
Cache info: #cache=253, #hit=468532, #miss=0

Using method NupletCacheMultiLevelRaw:
100%|████████████████████████████████████████████████████| 234256/234256 [00:13<00:00, 17379.90it/s]
Check on the reference partitions: [112, 11, 154, 12, 27, 1, 1, 7, 8, 8]
Cache info: #cache=2277, #hit=234013, #miss=2277

Using method NupletCacheMultiLevelRaw2:
100%|████████████████████████████████████████████████████| 234256/234256 [00:13<00:00, 17354.10it/s]
Check on the reference partitions: [112, 11, 154, 12, 27, 1, 1, 7, 8, 8]
Cache info: #cache=2277, #hit=234013, #miss=2277

Using method TripletCache:
100%|███████████████████████████████████████████████████| 234256/234256 [00:01<00:00, 172806.46it/s]
Check on the reference partitions: [112, 11, 154, 12, 27, 1, 1, 7, 8, 8]
Cache info: #cache=253, #hit=468279, #miss=253

Using method TripletCacheLoad:
100%|███████████████████████████████████████████████████| 234256/234256 [00:00<00:00, 391845.99it/s]
Check on the reference partitions: [112, 11, 154, 12, 27, 1, 1, 7, 8, 8]
Cache info: #cache=253, #hit=468532, #miss=0



####################################################################################################
Computing Kronecker coefficient for the 5153632 5-uplet of partitions of 8:
Reference partitions:
	[(2, 2, 1, 1, 1, 1), (2, 2, 2, 1, 1), (6, 2), (3, 3, 1, 1), (3, 1, 1, 1, 1, 1)]
	[(4, 2, 2), (3, 2, 1, 1, 1), (3, 2, 1, 1, 1), (2, 2, 1, 1, 1, 1), (2, 2, 1, 1, 1, 1)]
	[(5, 3), (7, 1), (4, 1, 1, 1, 1), (3, 3, 1, 1), (5, 2, 1)]
	[(2, 2, 2, 1, 1), (2, 2, 1, 1, 1, 1), (5, 1, 1, 1), (2, 2, 2, 2), (5, 1, 1, 1)]
	[(8,), (2, 1, 1, 1, 1, 1, 1), (4, 1, 1, 1, 1), (4, 2, 2), (7, 1)]
	[(3, 1, 1, 1, 1, 1), (2, 2, 1, 1, 1, 1), (4, 1, 1, 1, 1), (2, 2, 1, 1, 1, 1), (4, 4)]
	[(3, 2, 2, 1), (8,), (4, 2, 1, 1), (3, 1, 1, 1, 1, 1), (4, 1, 1, 1, 1)]
	[(2, 2, 1, 1, 1, 1), (3, 2, 1, 1, 1), (4, 2, 1, 1), (5, 1, 1, 1), (4, 3, 1)]
	[(6, 1, 1), (8,), (3, 3, 2), (4, 2, 2), (2, 2, 1, 1, 1, 1)]
	[(3, 3, 2), (2, 2, 1, 1, 1, 1), (3, 2, 1, 1, 1), (3, 2, 2, 1), (7, 1)]

Using method NupletCache:
100%|██████████████████████████████████████████████████| 5153632/5153632 [03:07<00:00, 27453.40it/s]
Check on the reference partitions: [353, 2342, 620, 233, 2, 109, 115, 7000, 28, 660]
Cache info: #cache=12650, #hit=5140992, #miss=12650

Using method NupletCacheMultiLevel:
100%|██████████████████████████████████████████████████| 5153632/5153632 [01:45<00:00, 48703.65it/s]
Check on the reference partitions: [353, 2342, 620, 233, 2, 109, 115, 7000, 28, 660]
Cache info: #cache=14927, #hit=5153389, #miss=14927

Using method NupletCacheMultiLevel2:
100%|██████████████████████████████████████████████████| 5153632/5153632 [01:36<00:00, 53432.11it/s]
Check on the reference partitions: [353, 2342, 620, 233, 2, 109, 115, 7000, 28, 660]
Cache info: #cache=12903, #hit=5166039, #miss=12903

Using method NupletCacheMultiLevel3:
100%|█████████████████████████████████████████████████| 5153632/5153632 [00:28<00:00, 181863.40it/s]
Check on the reference partitions: [353, 2342, 620, 233, 2, 109, 115, 7000, 28, 660]
Cache info: #cache=2277, #hit=10307031, #miss=2277

Using method NupletCacheMultiLevel3Load:
100%|█████████████████████████████████████████████████| 5153632/5153632 [00:28<00:00, 182047.10it/s]
Check on the reference partitions: [353, 2342, 620, 233, 2, 109, 115, 7000, 28, 660]
Cache info: #cache=2277, #hit=10307284, #miss=2024

Using method NupletCacheMultiLevelRaw:
100%|██████████████████████████████████████████████████| 5153632/5153632 [02:25<00:00, 35382.31it/s]
Check on the reference partitions: [353, 2342, 620, 233, 2, 109, 115, 7000, 28, 660]
Cache info: #cache=14927, #hit=5153389, #miss=14927

Using method NupletCacheMultiLevelRaw2:
100%|██████████████████████████████████████████████████| 5153632/5153632 [02:17<00:00, 37380.93it/s]
Check on the reference partitions: [353, 2342, 620, 233, 2, 109, 115, 7000, 28, 660]
Cache info: #cache=12903, #hit=5166039, #miss=12903

Using method TripletCache:
100%|██████████████████████████████████████████████████| 5153632/5153632 [02:22<00:00, 36156.61it/s]
Check on the reference partitions: [353, 2342, 620, 233, 2, 109, 115, 7000, 28, 660]
Cache info: #cache=253, #hit=105856467, #miss=253

Using method TripletCacheLoad:
100%|██████████████████████████████████████████████████| 5153632/5153632 [02:21<00:00, 36354.70it/s]
Check on the reference partitions: [353, 2342, 620, 233, 2, 109, 115, 7000, 28, 660]
Cache info: #cache=253, #hit=105856720, #miss=0





####################################################################################################
Computing Kronecker coefficient for the 113379904 6-uplet of partitions of 8:
Reference partitions:
	[(1, 1, 1, 1, 1, 1, 1, 1), (5, 2, 1), (4, 1, 1, 1, 1), (2, 1, 1, 1, 1, 1, 1), (5, 3), (5, 1, 1, 1)]
	[(3, 1, 1, 1, 1, 1), (8,), (2, 2, 2, 1, 1), (4, 1, 1, 1, 1), (4, 1, 1, 1, 1), (4, 1, 1, 1, 1)]
	[(5, 1, 1, 1), (3, 2, 1, 1, 1), (2, 2, 2, 1, 1), (1, 1, 1, 1, 1, 1, 1, 1), (6, 1, 1), (2, 2, 1, 1, 1, 1)]
	[(4, 1, 1, 1, 1), (3, 3, 2), (6, 2), (5, 3), (5, 2, 1), (3, 2, 2, 1)]
	[(3, 3, 2), (3, 3, 2), (1, 1, 1, 1, 1, 1, 1, 1), (8,), (6, 2), (3, 3, 1, 1)]
	[(4, 2, 2), (2, 2, 1, 1, 1, 1), (6, 1, 1), (4, 4), (2, 1, 1, 1, 1, 1, 1), (2, 1, 1, 1, 1, 1, 1)]
	[(3, 3, 2), (3, 3, 2), (3, 2, 2, 1), (5, 2, 1), (4, 2, 1, 1), (7, 1)]
	[(4, 4), (4, 2, 1, 1), (5, 3), (3, 3, 1, 1), (6, 2), (4, 4)]
	[(4, 4), (4, 1, 1, 1, 1), (3, 3, 1, 1), (6, 2), (2, 2, 2, 1, 1), (6, 1, 1)]
	[(4, 4), (4, 1, 1, 1, 1), (1, 1, 1, 1, 1, 1, 1, 1), (6, 1, 1), (7, 1), (8,)]

Using method NupletCacheMultiLevel2:
100%|█████████████████████████████████████████████| 113379904/113379904 [12:41<00:00, 148887.09it/s]
Check on the reference partitions: [368, 616, 705, 91475, 50, 379, 123480, 13792, 7973, 2]
Cache info: #cache=68057, #hit=113445441, #miss=68057

Using method NupletCacheMultiLevel3Load:
100%|█████████████████████████████████████████████| 113379904/113379904 [09:27<00:00, 199931.06it/s]
Check on the reference partitions: [368, 616, 705, 91475, 50, 379, 123480, 13792, 7973, 2]
Cache info: #cache=2277, #hit=226759828, #miss=2024

Using method TripletCacheLoad:
 12%|█████▍                                        | 13415000/113379904 [29:59<3:43:32, 7452.96it/s]
Check on the reference partitions: [368, 616, 705, 91475, 50, 379, 123480, 13792, 7973, 2]
Cache info: #cache=253, #hit=1297695658, #miss=0



####################################################################################################
Computing Kronecker coefficient for the 24300000 5-uplet of partitions of 9:
Reference partitions:
	[(4, 2, 1, 1, 1), (1, 1, 1, 1, 1, 1, 1, 1, 1), (7, 2), (5, 3, 1), (9,)]
	[(4, 2, 1, 1, 1), (4, 2, 1, 1, 1), (3, 2, 1, 1, 1, 1), (5, 3, 1), (7, 1, 1)]
	[(3, 2, 2, 1, 1), (3, 3, 2, 1), (5, 2, 1, 1), (7, 2), (6, 2, 1)]
	[(2, 2, 1, 1, 1, 1, 1), (3, 3, 2, 1), (4, 3, 1, 1), (6, 1, 1, 1), (5, 4)]
	[(4, 3, 1, 1), (3, 2, 2, 2), (4, 3, 1, 1), (5, 2, 2), (3, 3, 2, 1)]
	[(3, 1, 1, 1, 1, 1, 1), (1, 1, 1, 1, 1, 1, 1, 1, 1), (1, 1, 1, 1, 1, 1, 1, 1, 1), (3, 2, 1, 1, 1, 1), (3, 1, 1, 1, 1, 1, 1)]
	[(4, 1, 1, 1, 1, 1), (5, 2, 1, 1), (4, 2, 1, 1, 1), (7, 1, 1), (4, 4, 1)]
	[(4, 2, 2, 1), (6, 3), (3, 2, 1, 1, 1, 1), (5, 2, 1, 1), (3, 2, 1, 1, 1, 1)]
	[(5, 2, 1, 1), (6, 3), (5, 3, 1), (7, 1, 1), (6, 2, 1)]
	[(4, 1, 1, 1, 1, 1), (5, 4), (3, 3, 1, 1, 1), (3, 3, 2, 1), (3, 2, 2, 1, 1)]

Using method NupletCache:
100%|████████████████████████████████████████████████| 24300000/24300000 [17:28<00:00, 23186.93it/s]
Check on the reference partitions: [3, 46128, 40729, 6376, 217741, 0, 13052, 59187, 12631, 21364]
Cache info: #cache=40920, #hit=24259090, #miss=40920

Using method NupletCacheMultiLevel:
100%|████████████████████████████████████████████████| 24300000/24300000 [09:41<00:00, 41820.00it/s]
Check on the reference partitions: [3, 46128, 40729, 6376, 217741, 0, 13052, 59187, 12631, 21364]
Cache info: #cache=46345, #hit=24299545, #miss=46345

Using method NupletCacheMultiLevel2:
100%|████████████████████████████████████████████████| 24300000/24300000 [09:40<00:00, 41857.50it/s]
Check on the reference partitions: [3, 46128, 40729, 6376, 217741, 0, 13052, 59187, 12631, 21364]
Cache info: #cache=41385, #hit=24340465, #miss=41385

Using method NupletCacheMultiLevel3Load:
100%|███████████████████████████████████████████████| 24300000/24300000 [02:32<00:00, 158881.67it/s]
Check on the reference partitions: [3, 46128, 40729, 6376, 217741, 0, 13052, 59187, 12631, 21364]
Cache info: #cache=5425, #hit=48600020, #miss=4960

Using method TripletCacheLoad:
100%|████████████████████████████████████████████████| 24300000/24300000 [21:37<00:00, 18723.37it/s]
Check on the reference partitions: [3, 46128, 40729, 6376, 217741, 0, 13052, 59187, 12631, 21364]
Cache info: #cache=465, #hit=742276362, #miss=0



####################################################################################################
Computing Kronecker coefficient for the 3111696 4-uplet of partitions of 10:
Reference partitions:
	[(3, 2, 2, 2, 1), (3, 2, 2, 1, 1, 1), (2, 1, 1, 1, 1, 1, 1, 1, 1), (8, 1, 1)]
	[(9, 1), (4, 1, 1, 1, 1, 1, 1), (6, 2, 1, 1), (3, 2, 1, 1, 1, 1, 1)]
	[(6, 4), (1, 1, 1, 1, 1, 1, 1, 1, 1, 1), (5, 4, 1), (3, 3, 3, 1)]
	[(4, 3, 2, 1), (4, 2, 2, 1, 1), (3, 2, 1, 1, 1, 1, 1), (5, 4, 1)]
	[(3, 3, 2, 2), (4, 4, 2), (5, 2, 1, 1, 1), (3, 3, 2, 2)]
	[(6, 3, 1), (5, 3, 1, 1), (8, 1, 1), (2, 2, 2, 2, 2)]
	[(8, 2), (7, 1, 1, 1), (3, 2, 2, 1, 1, 1), (4, 3, 1, 1, 1)]
	[(5, 2, 2, 1), (3, 3, 2, 1, 1), (4, 3, 1, 1, 1), (5, 3, 2)]
	[(4, 4, 2), (6, 2, 2), (3, 3, 2, 1, 1), (3, 2, 2, 1, 1, 1)]
	[(2, 2, 2, 1, 1, 1, 1), (8, 2), (8, 1, 1), (10,)]

Using method NupletCache:
100%|███████████████████████████████████████████████████| 3111696/3111696 [06:08<00:00, 8436.63it/s]
Check on the reference partitions: [0, 35, 2, 5531, 1956, 53, 157, 15467, 2348, 0]
Cache info: #cache=13244, #hit=3098462, #miss=13244

Using method NupletCacheMultiLevel:
100%|██████████████████████████████████████████████████| 3111696/3111696 [04:26<00:00, 11663.97it/s]
Check on the reference partitions: [0, 35, 2, 5531, 1956, 53, 157, 15467, 2348, 0]
Cache info: #cache=14147, #hit=3110803, #miss=14147

Using method NupletCacheMultiLevel2:
100%|██████████████████████████████████████████████████| 3111696/3111696 [04:27<00:00, 11643.19it/s]
Check on the reference partitions: [0, 35, 2, 5531, 1956, 53, 157, 15467, 2348, 0]
Cache info: #cache=14147, #hit=3110803, #miss=14147

Using method NupletCacheMultiLevel3Load:
100%|█████████████████████████████████████████████████| 3111696/3111696 [00:14<00:00, 211675.50it/s]
Check on the reference partitions: [0, 35, 2, 5531, 1956, 53, 157, 15467, 2348, 0]
Cache info: #cache=903, #hit=6223412, #miss=0

Using method TripletCacheLoad:
100%|█████████████████████████████████████████████████| 3111696/3111696 [00:13<00:00, 224315.65it/s]
Check on the reference partitions: [0, 35, 2, 5531, 1956, 53, 157, 15467, 2348, 0]
Cache info: #cache=903, #hit=6223412, #miss=0



####################################################################################################
Computing Kronecker coefficient for the 35153041 4-uplet of partitions of 12:
Reference partitions:
	[(6, 2, 2, 2), (7, 3, 1, 1), (7, 3, 1, 1), (6, 6)]
	[(5, 2, 1, 1, 1, 1, 1), (2, 2, 2, 1, 1, 1, 1, 1, 1), (9, 2, 1), (8, 2, 2)]
	[(2, 2, 2, 2, 1, 1, 1, 1), (5, 3, 1, 1, 1, 1), (4, 4, 2, 2), (4, 1, 1, 1, 1, 1, 1, 1, 1)]
	[(2, 1, 1, 1, 1, 1, 1, 1, 1, 1, 1), (9, 1, 1, 1), (5, 3, 2, 1, 1), (4, 2, 1, 1, 1, 1, 1, 1)]
	[(3, 2, 2, 2, 2, 1), (2, 2, 2, 2, 2, 1, 1), (4, 4, 3, 1), (4, 2, 2, 2, 2)]
	[(3, 3, 3, 1, 1, 1), (4, 4, 1, 1, 1, 1), (2, 2, 2, 1, 1, 1, 1, 1, 1), (3, 2, 1, 1, 1, 1, 1, 1, 1)]
	[(2, 2, 2, 1, 1, 1, 1, 1, 1), (5, 1, 1, 1, 1, 1, 1, 1), (7, 3, 1, 1), (5, 3, 1, 1, 1, 1)]
	[(5, 2, 2, 1, 1, 1), (4, 4, 4), (8, 3, 1), (8, 2, 1, 1)]
	[(4, 4, 3, 1), (4, 4, 2, 2), (2, 2, 1, 1, 1, 1, 1, 1, 1, 1), (4, 4, 3, 1)]
	[(7, 2, 1, 1, 1), (3, 2, 1, 1, 1, 1, 1, 1, 1), (6, 6), (7, 1, 1, 1, 1, 1)]

Using method NupletCacheMultiLevel3Load:
100%|███████████████████████████████████████████████| 35153041/35153041 [04:37<00:00, 126671.73it/s]
Check on the reference partitions: [3394, 350, 806, 18, 3055, 413, 884, 2557, 2455, 81]
Cache info: #cache=3003, #hit=70306102, #miss=0

Using method TripletCacheLoad:
100%|███████████████████████████████████████████████| 35153041/35153041 [04:26<00:00, 131729.22it/s]
Check on the reference partitions: [3394, 350, 806, 18, 3055, 413, 884, 2557, 2455, 81]
Cache info: #cache=3003, #hit=70306102, #miss=0