793 Hilbert basis elements
328 extreme rays
270 support hyperplanes

embedding dimension = 13
rank = 10
external index = 1

size of partial triangulation   = 4124
resulting sum of |det|s = 33289

No implicit grading found

rank of class group = 260
class group is free

***********************************************************************

793 Hilbert basis elements:
  1  1  0 0 0  1  0 0 0  1  0 0 0
  2  1  1 0 0  1  1 0 0  1  1 0 0
  2  1  1 0 0  1  1 0 0  2  0 0 0
  2  1  1 0 0  2  0 0 0  1  1 0 0
  2  2  0 0 0  1  1 0 0  1  1 0 0
  3  1  1 1 0  1  1 1 0  1  1 1 0
  3  1  1 1 0  1  1 1 0  2  1 0 0
  3  1  1 1 0  1  1 1 0  3  0 0 0
  3  1  1 1 0  2  1 0 0  1  1 1 0
  3  1  1 1 0  2  1 0 0  2  1 0 0
  3  1  1 1 0  3  0 0 0  1  1 1 0
  3  2  1 0 0  1  1 1 0  1  1 1 0
  3  2  1 0 0  1  1 1 0  2  1 0 0
  3  2  1 0 0  2  1 0 0  1  1 1 0
  3  3  0 0 0  1  1 1 0  1  1 1 0
  4  1  1 1 1  1  1 1 1  1  1 1 1
  4  1  1 1 1  1  1 1 1  2  1 1 0
  4  1  1 1 1  1  1 1 1  2  2 0 0
  4  1  1 1 1  1  1 1 1  3  1 0 0
  4  1  1 1 1  1  1 1 1  4  0 0 0
  4  1  1 1 1  2  1 1 0  1  1 1 1
  4  1  1 1 1  2  1 1 0  2  1 1 0
  4  1  1 1 1  2  1 1 0  2  2 0 0
  4  1  1 1 1  2  1 1 0  3  1 0 0
  4  1  1 1 1  2  2 0 0  1  1 1 1
  4  1  1 1 1  2  2 0 0  2  1 1 0
  4  1  1 1 1  2  2 0 0  2  2 0 0
  4  1  1 1 1  3  1 0 0  1  1 1 1
  4  1  1 1 1  3  1 0 0  2  1 1 0
  4  1  1 1 1  4  0 0 0  1  1 1 1
  4  2  1 1 0  1  1 1 1  1  1 1 1
  4  2  1 1 0  1  1 1 1  2  1 1 0
  4  2  1 1 0  1  1 1 1  2  2 0 0
  4  2  1 1 0  1  1 1 1  3  1 0 0
  4  2  1 1 0  2  1 1 0  1  1 1 1
  4  2  1 1 0  2  1 1 0  2  2 0 0
  4  2  1 1 0  2  2 0 0  1  1 1 1
  4  2  1 1 0  2  2 0 0  2  1 1 0
  4  2  1 1 0  2  2 0 0  2  2 0 0
  4  2  1 1 0  2  2 0 0  3  1 0 0
  4  2  1 1 0  3  1 0 0  1  1 1 1
  4  2  1 1 0  3  1 0 0  2  2 0 0
  4  2  2 0 0  1  1 1 1  1  1 1 1
  4  2  2 0 0  1  1 1 1  2  1 1 0
  4  2  2 0 0  1  1 1 1  2  2 0 0
  4  2  2 0 0  2  1 1 0  1  1 1 1
  4  2  2 0 0  2  1 1 0  2  1 1 0
  4  2  2 0 0  2  1 1 0  2  2 0 0
  4  2  2 0 0  2  1 1 0  3  1 0 0
  4  2  2 0 0  2  2 0 0  1  1 1 1
  4  2  2 0 0  2  2 0 0  2  1 1 0
  4  2  2 0 0  3  1 0 0  2  1 1 0
  4  3  1 0 0  1  1 1 1  1  1 1 1
  4  3  1 0 0  1  1 1 1  2  1 1 0
  4  3  1 0 0  2  1 1 0  1  1 1 1
  4  3  1 0 0  2  1 1 0  2  2 0 0
  4  3  1 0 0  2  2 0 0  2  1 1 0
  4  4  0 0 0  1  1 1 1  1  1 1 1
  5  2  1 1 1  2  1 1 1  2  2 1 0
  5  2  1 1 1  2  2 1 0  2  1 1 1
  5  2  1 1 1  2  2 1 0  2  2 1 0
  5  2  1 1 1  2  2 1 0  3  1 1 0
  5  2  1 1 1  2  2 1 0  3  2 0 0
  5  2  1 1 1  2  2 1 0  4  1 0 0
  5  2  1 1 1  3  1 1 0  2  2 1 0
  5  2  1 1 1  3  2 0 0  2  2 1 0
  5  2  1 1 1  4  1 0 0  2  2 1 0
  5  2  2 1 0  2  1 1 1  2  1 1 1
  5  2  2 1 0  2  1 1 1  2  2 1 0
  5  2  2 1 0  2  1 1 1  3  1 1 0
  5  2  2 1 0  2  1 1 1  3  2 0 0
  5  2  2 1 0  2  1 1 1  4  1 0 0
  5  2  2 1 0  2  2 1 0  2  1 1 1
  5  2  2 1 0  3  1 1 0  2  1 1 1
  5  2  2 1 0  3  1 1 0  3  1 1 0
  5  2  2 1 0  3  2 0 0  2  1 1 1
  5  2  2 1 0  4  1 0 0  2  1 1 1
  5  3  1 1 0  2  1 1 1  2  2 1 0
  5  3  1 1 0  2  2 1 0  2  1 1 1
  5  3  1 1 0  2  2 1 0  3  1 1 0
  5  3  1 1 0  3  1 1 0  2  2 1 0
  5  3  2 0 0  2  1 1 1  2  2 1 0
  5  3  2 0 0  2  2 1 0  2  1 1 1
  5  4  1 0 0  2  1 1 1  2  2 1 0
  5  4  1 0 0  2  2 1 0  2  1 1 1
  6  2  2 1 1  2  2 1 1  2  2 2 0
  6  2  2 1 1  2  2 2 0  2  2 1 1
  6  2  2 1 1  2  2 2 0  2  2 2 0
  6  2  2 1 1  2  2 2 0  3  1 1 1
  6  2  2 1 1  2  2 2 0  3  2 1 0
  6  2  2 1 1  2  2 2 0  3  3 0 0
  6  2  2 1 1  2  2 2 0  4  1 1 0
  6  2  2 1 1  2  2 2 0  4  2 0 0
  6  2  2 1 1  2  2 2 0  5  1 0 0
  6  2  2 1 1  3  1 1 1  2  2 2 0
  6  2  2 1 1  3  1 1 1  3  1 1 1
  6  2  2 1 1  3  1 1 1  4  1 1 0
  6  2  2 1 1  3  2 1 0  2  2 2 0
  6  2  2 1 1  3  3 0 0  2  2 2 0
  6  2  2 1 1  4  1 1 0  2  2 2 0
  6  2  2 1 1  4  1 1 0  3  1 1 1
  6  2  2 1 1  4  1 1 0  4  1 1 0
  6  2  2 1 1  4  2 0 0  2  2 2 0
  6  2  2 1 1  5  1 0 0  2  2 2 0
  6  2  2 2 0  2  2 1 1  2  2 1 1
  6  2  2 2 0  2  2 1 1  2  2 2 0
  6  2  2 2 0  2  2 1 1  3  1 1 1
  6  2  2 2 0  2  2 1 1  3  2 1 0
  6  2  2 2 0  2  2 1 1  3  3 0 0
  6  2  2 2 0  2  2 1 1  4  1 1 0
  6  2  2 2 0  2  2 1 1  4  2 0 0
  6  2  2 2 0  2  2 1 1  5  1 0 0
  6  2  2 2 0  2  2 2 0  2  2 1 1
  6  2  2 2 0  2  2 2 0  3  1 1 1
  6  2  2 2 0  2  2 2 0  3  3 0 0
  6  2  2 2 0  3  1 1 1  2  2 1 1
  6  2  2 2 0  3  1 1 1  2  2 2 0
  6  2  2 2 0  3  1 1 1  3  1 1 1
  6  2  2 2 0  3  1 1 1  3  2 1 0
  6  2  2 2 0  3  1 1 1  3  3 0 0
  6  2  2 2 0  3  1 1 1  4  1 1 0
  6  2  2 2 0  3  1 1 1  4  2 0 0
  6  2  2 2 0  3  2 1 0  2  2 1 1
  6  2  2 2 0  3  2 1 0  3  1 1 1
  6  2  2 2 0  3  2 1 0  3  3 0 0
  6  2  2 2 0  3  3 0 0  2  2 1 1
  6  2  2 2 0  3  3 0 0  2  2 2 0
  6  2  2 2 0  3  3 0 0  3  1 1 1
  6  2  2 2 0  3  3 0 0  3  2 1 0
  6  2  2 2 0  3  3 0 0  3  3 0 0
  6  2  2 2 0  3  3 0 0  4  1 1 0
  6  2  2 2 0  4  1 1 0  2  2 1 1
  6  2  2 2 0  4  1 1 0  3  1 1 1
  6  2  2 2 0  4  1 1 0  3  3 0 0
  6  2  2 2 0  4  2 0 0  2  2 1 1
  6  2  2 2 0  4  2 0 0  3  1 1 1
  6  2  2 2 0  5  1 0 0  2  2 1 1
  6  3  1 1 1  2  2 1 1  2  2 2 0
  6  3  1 1 1  2  2 1 1  3  1 1 1
  6  3  1 1 1  2  2 1 1  4  1 1 0
  6  3  1 1 1  2  2 2 0  2  2 1 1
  6  3  1 1 1  2  2 2 0  2  2 2 0
  6  3  1 1 1  2  2 2 0  3  1 1 1
  6  3  1 1 1  2  2 2 0  3  2 1 0
  6  3  1 1 1  2  2 2 0  3  3 0 0
  6  3  1 1 1  2  2 2 0  4  1 1 0
  6  3  1 1 1  2  2 2 0  4  2 0 0
  6  3  1 1 1  3  1 1 1  2  2 1 1
  6  3  1 1 1  3  1 1 1  2  2 2 0
  6  3  1 1 1  3  1 1 1  3  3 0 0
  6  3  1 1 1  3  2 1 0  2  2 2 0
  6  3  1 1 1  3  3 0 0  2  2 2 0
  6  3  1 1 1  3  3 0 0  3  1 1 1
  6  3  1 1 1  3  3 0 0  4  1 1 0
  6  3  1 1 1  4  1 1 0  2  2 1 1
  6  3  1 1 1  4  1 1 0  2  2 2 0
  6  3  1 1 1  4  1 1 0  3  3 0 0
  6  3  1 1 1  4  2 0 0  2  2 2 0
  6  3  2 1 0  2  2 1 1  2  2 2 0
  6  3  2 1 0  2  2 2 0  2  2 1 1
  6  3  2 1 0  2  2 2 0  3  1 1 1
  6  3  2 1 0  2  2 2 0  3  3 0 0
  6  3  2 1 0  3  1 1 1  2  2 2 0
  6  3  2 1 0  3  3 0 0  2  2 2 0
  6  3  3 0 0  2  2 1 1  2  2 2 0
  6  3  3 0 0  2  2 2 0  2  2 1 1
  6  3  3 0 0  2  2 2 0  2  2 2 0
  6  3  3 0 0  2  2 2 0  3  1 1 1
  6  3  3 0 0  2  2 2 0  3  2 1 0
  6  3  3 0 0  2  2 2 0  3  3 0 0
  6  3  3 0 0  2  2 2 0  4  1 1 0
  6  3  3 0 0  3  1 1 1  2  2 2 0
  6  3  3 0 0  3  1 1 1  3  1 1 1
  6  3  3 0 0  3  1 1 1  4  1 1 0
  6  3  3 0 0  3  2 1 0  2  2 2 0
  6  3  3 0 0  3  3 0 0  2  2 2 0
  6  3  3 0 0  4  1 1 0  2  2 2 0
  6  3  3 0 0  4  1 1 0  3  1 1 1
  6  3  3 0 0  4  1 1 0  4  1 1 0
  6  4  1 1 0  2  2 1 1  2  2 2 0
  6  4  1 1 0  2  2 1 1  3  1 1 1
  6  4  1 1 0  2  2 1 1  4  1 1 0
  6  4  1 1 0  2  2 2 0  2  2 1 1
  6  4  1 1 0  2  2 2 0  3  1 1 1
  6  4  1 1 0  2  2 2 0  3  3 0 0
  6  4  1 1 0  3  1 1 1  2  2 1 1
  6  4  1 1 0  3  1 1 1  2  2 2 0
  6  4  1 1 0  3  1 1 1  3  3 0 0
  6  4  1 1 0  3  3 0 0  2  2 2 0
  6  4  1 1 0  3  3 0 0  3  1 1 1
  6  4  1 1 0  3  3 0 0  4  1 1 0
  6  4  1 1 0  4  1 1 0  2  2 1 1
  6  4  1 1 0  4  1 1 0  3  3 0 0
  6  4  2 0 0  2  2 1 1  2  2 2 0
  6  4  2 0 0  2  2 2 0  2  2 1 1
  6  4  2 0 0  2  2 2 0  3  1 1 1
  6  4  2 0 0  3  1 1 1  2  2 2 0
  6  5  1 0 0  2  2 1 1  2  2 2 0
  6  5  1 0 0  2  2 2 0  2  2 1 1
  7  2  2 2 1  3  2 1 1  4  1 1 1
  7  2  2 2 1  4  1 1 1  3  2 1 1
  7  2  2 2 1  4  1 1 1  4  1 1 1
  7  2  2 2 1  4  1 1 1  4  3 0 0
  7  2  2 2 1  4  3 0 0  4  1 1 1
  7  3  2 1 1  2  2 2 1  4  1 1 1
  7  3  2 1 1  4  1 1 1  2  2 2 1
  7  3  3 1 0  4  1 1 1  4  1 1 1
  7  3  3 1 0  4  1 1 1  5  1 1 0
  7  3  3 1 0  5  1 1 0  4  1 1 1
  7  4  1 1 1  2  2 2 1  3  2 1 1
  7  4  1 1 1  2  2 2 1  4  1 1 1
  7  4  1 1 1  2  2 2 1  4  3 0 0
  7  4  1 1 1  3  2 1 1  2  2 2 1
  7  4  1 1 1  3  3 1 0  4  1 1 1
  7  4  1 1 1  3  3 1 0  5  1 1 0
  7  4  1 1 1  4  1 1 1  2  2 2 1
  7  4  1 1 1  4  1 1 1  3  3 1 0
  7  4  1 1 1  4  3 0 0  2  2 2 1
  7  4  1 1 1  5  1 1 0  3  3 1 0
  7  4  3 0 0  2  2 2 1  4  1 1 1
  7  4  3 0 0  4  1 1 1  2  2 2 1
  7  5  1 1 0  3  3 1 0  4  1 1 1
  7  5  1 1 0  4  1 1 1  3  3 1 0
  8  2  2 2 2  2  2 2 2  3  3 2 0
  8  2  2 2 2  3  2 2 1  3  3 2 0
  8  2  2 2 2  3  3 1 1  3  3 2 0
  8  2  2 2 2  3  3 2 0  2  2 2 2
  8  2  2 2 2  3  3 2 0  3  2 2 1
  8  2  2 2 2  3  3 2 0  3  3 1 1
  8  2  2 2 2  3  3 2 0  3  3 2 0
  8  2  2 2 2  3  3 2 0  4  2 1 1
  8  2  2 2 2  3  3 2 0  4  2 2 0
  8  2  2 2 2  3  3 2 0  4  3 1 0
  8  2  2 2 2  3  3 2 0  4  4 0 0
  8  2  2 2 2  3  3 2 0  5  1 1 1
  8  2  2 2 2  3  3 2 0  5  2 1 0
  8  2  2 2 2  3  3 2 0  5  3 0 0
  8  2  2 2 2  3  3 2 0  6  1 1 0
  8  2  2 2 2  4  2 1 1  3  3 2 0
  8  2  2 2 2  4  2 1 1  4  4 0 0
  8  2  2 2 2  4  2 1 1  5  3 0 0
  8  2  2 2 2  4  2 2 0  3  3 2 0
  8  2  2 2 2  4  2 2 0  5  1 1 1
  8  2  2 2 2  4  3 1 0  3  3 2 0
  8  2  2 2 2  4  3 1 0  5  1 1 1
  8  2  2 2 2  4  4 0 0  3  3 2 0
  8  2  2 2 2  4  4 0 0  4  2 1 1
  8  2  2 2 2  5  1 1 1  3  3 2 0
  8  2  2 2 2  5  1 1 1  4  2 2 0
  8  2  2 2 2  5  1 1 1  4  3 1 0
  8  2  2 2 2  5  2 1 0  3  3 2 0
  8  2  2 2 2  5  3 0 0  3  3 2 0
  8  2  2 2 2  5  3 0 0  4  2 1 1
  8  2  2 2 2  6  1 1 0  3  3 2 0
  8  3  2 2 1  2  2 2 2  3  3 2 0
  8  3  2 2 1  3  3 1 1  3  3 2 0
  8  3  2 2 1  3  3 2 0  2  2 2 2
  8  3  2 2 1  3  3 2 0  3  3 1 1
  8  3  2 2 1  3  3 2 0  4  4 0 0
  8  3  2 2 1  4  4 0 0  3  3 2 0
  8  3  2 2 1  4  4 0 0  5  1 1 1
  8  3  2 2 1  5  1 1 1  4  4 0 0
  8  3  3 1 1  2  2 2 2  3  3 2 0
  8  3  3 1 1  3  2 2 1  3  3 2 0
  8  3  3 1 1  3  3 2 0  2  2 2 2
  8  3  3 1 1  3  3 2 0  3  2 2 1
  8  3  3 1 1  4  2 2 0  5  1 1 1
  8  3  3 1 1  4  2 2 0  6  1 1 0
  8  3  3 1 1  5  1 1 1  4  2 2 0
  8  3  3 1 1  5  1 1 1  5  1 1 1
  8  3  3 1 1  6  1 1 0  4  2 2 0
  8  3  3 2 0  2  2 2 2  2  2 2 2
  8  3  3 2 0  2  2 2 2  3  2 2 1
  8  3  3 2 0  2  2 2 2  3  3 1 1
  8  3  3 2 0  2  2 2 2  3  3 2 0
  8  3  3 2 0  2  2 2 2  4  2 1 1
  8  3  3 2 0  2  2 2 2  4  2 2 0
  8  3  3 2 0  2  2 2 2  4  3 1 0
  8  3  3 2 0  2  2 2 2  4  4 0 0
  8  3  3 2 0  2  2 2 2  5  1 1 1
  8  3  3 2 0  2  2 2 2  5  2 1 0
  8  3  3 2 0  2  2 2 2  5  3 0 0
  8  3  3 2 0  2  2 2 2  6  1 1 0
  8  3  3 2 0  3  2 2 1  2  2 2 2
  8  3  3 2 0  3  2 2 1  3  3 1 1
  8  3  3 2 0  3  2 2 1  4  4 0 0
  8  3  3 2 0  3  3 1 1  2  2 2 2
  8  3  3 2 0  3  3 1 1  3  2 2 1
  8  3  3 2 0  3  3 2 0  2  2 2 2
  8  3  3 2 0  4  2 1 1  2  2 2 2
  8  3  3 2 0  4  2 2 0  2  2 2 2
  8  3  3 2 0  4  3 1 0  2  2 2 2
  8  3  3 2 0  4  4 0 0  2  2 2 2
  8  3  3 2 0  4  4 0 0  3  2 2 1
  8  3  3 2 0  5  1 1 1  2  2 2 2
  8  3  3 2 0  5  1 1 1  5  1 1 1
  8  3  3 2 0  5  2 1 0  2  2 2 2
  8  3  3 2 0  5  3 0 0  2  2 2 2
  8  3  3 2 0  6  1 1 0  2  2 2 2
  8  4  2 1 1  2  2 2 2  3  3 2 0
  8  4  2 1 1  2  2 2 2  4  4 0 0
  8  4  2 1 1  2  2 2 2  5  3 0 0
  8  4  2 1 1  3  3 2 0  2  2 2 2
  8  4  2 1 1  4  4 0 0  2  2 2 2
  8  4  2 1 1  5  3 0 0  2  2 2 2
  8  4  2 2 0  2  2 2 2  3  3 2 0
  8  4  2 2 0  2  2 2 2  5  1 1 1
  8  4  2 2 0  3  3 1 1  5  1 1 1
  8  4  2 2 0  3  3 1 1  6  1 1 0
  8  4  2 2 0  3  3 2 0  2  2 2 2
  8  4  2 2 0  4  4 0 0  5  1 1 1
  8  4  2 2 0  5  1 1 1  2  2 2 2
  8  4  2 2 0  5  1 1 1  3  3 1 1
  8  4  2 2 0  5  1 1 1  4  4 0 0
  8  4  2 2 0  6  1 1 0  3  3 1 1
  8  4  3 1 0  2  2 2 2  3  3 2 0
  8  4  3 1 0  2  2 2 2  5  1 1 1
  8  4  3 1 0  3  3 2 0  2  2 2 2
  8  4  3 1 0  5  1 1 1  2  2 2 2
  8  4  4 0 0  2  2 2 2  3  3 2 0
  8  4  4 0 0  2  2 2 2  4  2 1 1
  8  4  4 0 0  3  2 2 1  3  3 2 0
  8  4  4 0 0  3  2 2 1  5  1 1 1
  8  4  4 0 0  3  3 2 0  2  2 2 2
  8  4  4 0 0  3  3 2 0  3  2 2 1
  8  4  4 0 0  4  2 1 1  2  2 2 2
  8  4  4 0 0  4  2 2 0  5  1 1 1
  8  4  4 0 0  5  1 1 1  3  2 2 1
  8  4  4 0 0  5  1 1 1  4  2 2 0
  8  4  4 0 0  5  1 1 1  5  1 1 1
  8  5  1 1 1  2  2 2 2  3  3 2 0
  8  5  1 1 1  2  2 2 2  4  2 2 0
  8  5  1 1 1  2  2 2 2  4  3 1 0
  8  5  1 1 1  3  2 2 1  4  4 0 0
  8  5  1 1 1  3  3 1 1  4  2 2 0
  8  5  1 1 1  3  3 1 1  5  1 1 1
  8  5  1 1 1  3  3 2 0  2  2 2 2
  8  5  1 1 1  3  3 2 0  5  1 1 1
  8  5  1 1 1  4  2 2 0  2  2 2 2
  8  5  1 1 1  4  2 2 0  3  3 1 1
  8  5  1 1 1  4  2 2 0  4  4 0 0
  8  5  1 1 1  4  3 1 0  2  2 2 2
  8  5  1 1 1  4  4 0 0  3  2 2 1
  8  5  1 1 1  4  4 0 0  4  2 2 0
  8  5  1 1 1  4  4 0 0  5  1 1 1
  8  5  1 1 1  5  1 1 1  3  3 1 1
  8  5  1 1 1  5  1 1 1  3  3 2 0
  8  5  1 1 1  5  1 1 1  4  4 0 0
  8  5  2 1 0  2  2 2 2  3  3 2 0
  8  5  2 1 0  3  3 2 0  2  2 2 2
  8  5  3 0 0  2  2 2 2  3  3 2 0
  8  5  3 0 0  2  2 2 2  4  2 1 1
  8  5  3 0 0  3  3 2 0  2  2 2 2
  8  5  3 0 0  4  2 1 1  2  2 2 2
  8  6  1 1 0  2  2 2 2  3  3 2 0
  8  6  1 1 0  3  3 1 1  4  2 2 0
  8  6  1 1 0  3  3 2 0  2  2 2 2
  8  6  1 1 0  4  2 2 0  3  3 1 1
  9  3  2 2 2  3  2 2 2  3  3 3 0
  9  3  2 2 2  3  3 2 1  3  3 3 0
  9  3  2 2 2  3  3 3 0  3  2 2 2
  9  3  2 2 2  3  3 3 0  3  3 2 1
  9  3  2 2 2  3  3 3 0  3  3 3 0
  9  3  2 2 2  3  3 3 0  4  2 2 1
  9  3  2 2 2  3  3 3 0  4  3 1 1
  9  3  2 2 2  3  3 3 0  4  3 2 0
  9  3  2 2 2  3  3 3 0  4  4 1 0
  9  3  2 2 2  3  3 3 0  5  2 1 1
  9  3  2 2 2  3  3 3 0  5  2 2 0
  9  3  2 2 2  3  3 3 0  5  3 1 0
  9  3  2 2 2  3  3 3 0  5  4 0 0
  9  3  2 2 2  3  3 3 0  6  1 1 1
  9  3  2 2 2  3  3 3 0  6  2 1 0
  9  3  2 2 2  3  3 3 0  6  3 0 0
  9  3  2 2 2  3  3 3 0  7  1 1 0
  9  3  2 2 2  4  2 2 1  3  3 3 0
  9  3  2 2 2  4  3 1 1  3  3 3 0
  9  3  2 2 2  4  3 2 0  3  3 3 0
  9  3  2 2 2  4  4 1 0  3  3 3 0
  9  3  2 2 2  4  4 1 0  6  1 1 1
  9  3  2 2 2  5  2 1 1  3  3 3 0
  9  3  2 2 2  5  2 2 0  3  3 3 0
  9  3  2 2 2  5  3 1 0  3  3 3 0
  9  3  2 2 2  5  4 0 0  3  3 3 0
  9  3  2 2 2  6  1 1 1  3  3 3 0
  9  3  2 2 2  6  1 1 1  4  4 1 0
  9  3  2 2 2  6  2 1 0  3  3 3 0
  9  3  2 2 2  6  3 0 0  3  3 3 0
  9  3  2 2 2  7  1 1 0  3  3 3 0
  9  3  3 2 1  3  2 2 2  3  3 3 0
  9  3  3 2 1  3  3 3 0  3  2 2 2
  9  3  3 3 0  3  2 2 2  3  2 2 2
  9  3  3 3 0  3  2 2 2  3  3 2 1
  9  3  3 3 0  3  2 2 2  3  3 3 0
  9  3  3 3 0  3  2 2 2  4  2 2 1
  9  3  3 3 0  3  2 2 2  4  3 1 1
  9  3  3 3 0  3  2 2 2  4  3 2 0
  9  3  3 3 0  3  2 2 2  4  4 1 0
  9  3  3 3 0  3  2 2 2  5  2 1 1
  9  3  3 3 0  3  2 2 2  5  2 2 0
  9  3  3 3 0  3  2 2 2  5  3 1 0
  9  3  3 3 0  3  2 2 2  5  4 0 0
  9  3  3 3 0  3  2 2 2  6  1 1 1
  9  3  3 3 0  3  2 2 2  6  2 1 0
  9  3  3 3 0  3  2 2 2  6  3 0 0
  9  3  3 3 0  3  2 2 2  7  1 1 0
  9  3  3 3 0  3  3 2 1  3  2 2 2
  9  3  3 3 0  3  3 3 0  3  2 2 2
  9  3  3 3 0  4  2 2 1  3  2 2 2
  9  3  3 3 0  4  3 1 1  3  2 2 2
  9  3  3 3 0  4  3 1 1  6  1 1 1
  9  3  3 3 0  4  3 1 1  7  1 1 0
  9  3  3 3 0  4  3 2 0  3  2 2 2
  9  3  3 3 0  4  4 1 0  3  2 2 2
  9  3  3 3 0  5  2 1 1  3  2 2 2
  9  3  3 3 0  5  2 1 1  6  1 1 1
  9  3  3 3 0  5  2 2 0  3  2 2 2
  9  3  3 3 0  5  3 1 0  3  2 2 2
  9  3  3 3 0  5  4 0 0  3  2 2 2
  9  3  3 3 0  6  1 1 1  3  2 2 2
  9  3  3 3 0  6  1 1 1  4  3 1 1
  9  3  3 3 0  6  1 1 1  5  2 1 1
  9  3  3 3 0  6  2 1 0  3  2 2 2
  9  3  3 3 0  6  3 0 0  3  2 2 2
  9  3  3 3 0  7  1 1 0  3  2 2 2
  9  3  3 3 0  7  1 1 0  4  3 1 1
  9  4  2 2 1  3  2 2 2  3  3 3 0
  9  4  2 2 1  3  3 3 0  3  2 2 2
  9  4  3 1 1  3  2 2 2  3  3 3 0
  9  4  3 1 1  3  3 3 0  3  2 2 2
  9  4  3 1 1  3  3 3 0  6  1 1 1
  9  4  3 1 1  3  3 3 0  7  1 1 0
  9  4  3 1 1  6  1 1 1  3  3 3 0
  9  4  3 1 1  7  1 1 0  3  3 3 0
  9  4  3 2 0  3  2 2 2  3  3 3 0
  9  4  3 2 0  3  3 3 0  3  2 2 2
  9  4  4 1 0  3  2 2 2  3  3 3 0
  9  4  4 1 0  3  2 2 2  6  1 1 1
  9  4  4 1 0  3  3 3 0  3  2 2 2
  9  4  4 1 0  6  1 1 1  3  2 2 2
  9  5  2 1 1  3  2 2 2  3  3 3 0
  9  5  2 1 1  3  3 3 0  3  2 2 2
  9  5  2 1 1  3  3 3 0  6  1 1 1
  9  5  2 1 1  6  1 1 1  3  3 3 0
  9  5  2 2 0  3  2 2 2  3  3 3 0
  9  5  2 2 0  3  3 3 0  3  2 2 2
  9  5  3 1 0  3  2 2 2  3  3 3 0
  9  5  3 1 0  3  3 3 0  3  2 2 2
  9  5  4 0 0  3  2 2 2  3  3 3 0
  9  5  4 0 0  3  3 3 0  3  2 2 2
  9  6  1 1 1  3  2 2 2  3  3 3 0
  9  6  1 1 1  3  2 2 2  4  4 1 0
  9  6  1 1 1  3  3 3 0  3  2 2 2
  9  6  1 1 1  3  3 3 0  4  3 1 1
  9  6  1 1 1  3  3 3 0  5  2 1 1
  9  6  1 1 1  4  3 1 1  3  3 3 0
  9  6  1 1 1  4  4 1 0  3  2 2 2
  9  6  1 1 1  5  2 1 1  3  3 3 0
  9  6  2 1 0  3  2 2 2  3  3 3 0
  9  6  2 1 0  3  3 3 0  3  2 2 2
  9  6  3 0 0  3  2 2 2  3  3 3 0
  9  6  3 0 0  3  3 3 0  3  2 2 2
  9  7  1 1 0  3  2 2 2  3  3 3 0
  9  7  1 1 0  3  3 3 0  3  2 2 2
  9  7  1 1 0  3  3 3 0  4  3 1 1
  9  7  1 1 0  4  3 1 1  3  3 3 0
 10  3  3 2 2  4  3 3 0  7  1 1 1
 10  3  3 2 2  4  3 3 0  8  1 1 0
 10  3  3 2 2  7  1 1 1  4  3 3 0
 10  3  3 2 2  8  1 1 0  4  3 3 0
 10  3  3 3 1  5  5 0 0  6  2 1 1
 10  3  3 3 1  6  2 1 1  5  5 0 0
 10  4  2 2 2  4  4 2 0  7  1 1 1
 10  4  2 2 2  5  5 0 0  6  2 1 1
 10  4  2 2 2  6  2 1 1  5  5 0 0
 10  4  2 2 2  7  1 1 1  4  4 2 0
 10  4  3 3 0  3  3 2 2  7  1 1 1
 10  4  3 3 0  3  3 2 2  8  1 1 0
 10  4  3 3 0  4  4 1 1  7  1 1 1
 10  4  3 3 0  4  4 1 1  8  1 1 0
 10  4  3 3 0  7  1 1 1  3  3 2 2
 10  4  3 3 0  7  1 1 1  4  4 1 1
 10  4  3 3 0  8  1 1 0  3  3 2 2
 10  4  3 3 0  8  1 1 0  4  4 1 1
 10  4  4 1 1  4  3 3 0  7  1 1 1
 10  4  4 1 1  4  3 3 0  8  1 1 0
 10  4  4 1 1  6  2 2 0  7  1 1 1
 10  4  4 1 1  7  1 1 1  4  3 3 0
 10  4  4 1 1  7  1 1 1  6  2 2 0
 10  4  4 1 1  8  1 1 0  4  3 3 0
 10  4  4 2 0  4  2 2 2  7  1 1 1
 10  4  4 2 0  7  1 1 1  4  2 2 2
 10  5  5 0 0  3  3 3 1  6  2 1 1
 10  5  5 0 0  4  2 2 2  6  2 1 1
 10  5  5 0 0  6  2 1 1  3  3 3 1
 10  5  5 0 0  6  2 1 1  4  2 2 2
 10  6  2 1 1  3  3 3 1  5  5 0 0
 10  6  2 1 1  4  2 2 2  5  5 0 0
 10  6  2 1 1  5  5 0 0  3  3 3 1
 10  6  2 1 1  5  5 0 0  4  2 2 2
 10  6  2 2 0  4  4 1 1  7  1 1 1
 10  6  2 2 0  7  1 1 1  4  4 1 1
 10  7  1 1 1  3  3 2 2  4  3 3 0
 10  7  1 1 1  4  2 2 2  4  4 2 0
 10  7  1 1 1  4  3 3 0  3  3 2 2
 10  7  1 1 1  4  3 3 0  4  4 1 1
 10  7  1 1 1  4  4 1 1  4  3 3 0
 10  7  1 1 1  4  4 1 1  6  2 2 0
 10  7  1 1 1  4  4 2 0  4  2 2 2
 10  7  1 1 1  6  2 2 0  4  4 1 1
 10  8  1 1 0  3  3 2 2  4  3 3 0
 10  8  1 1 0  4  3 3 0  3  3 2 2
 10  8  1 1 0  4  3 3 0  4  4 1 1
 10  8  1 1 0  4  4 1 1  4  3 3 0
 11  4  4 3 0  5  2 2 2  8  1 1 1
 11  4  4 3 0  8  1 1 1  5  2 2 2
 11  5  2 2 2  4  4 3 0  8  1 1 1
 11  5  2 2 2  8  1 1 1  4  4 3 0
 11  8  1 1 1  4  4 3 0  5  2 2 2
 11  8  1 1 1  5  2 2 2  4  4 3 0
 12  3  3 3 3  3  3 3 3  4  4 4 0
 12  3  3 3 3  4  3 3 2  4  4 4 0
 12  3  3 3 3  4  4 2 2  4  4 4 0
 12  3  3 3 3  4  4 3 1  4  4 4 0
 12  3  3 3 3  4  4 4 0  3  3 3 3
 12  3  3 3 3  4  4 4 0  4  3 3 2
 12  3  3 3 3  4  4 4 0  4  4 2 2
 12  3  3 3 3  4  4 4 0  4  4 3 1
 12  3  3 3 3  4  4 4 0  4  4 4 0
 12  3  3 3 3  4  4 4 0  5  3 2 2
 12  3  3 3 3  4  4 4 0  5  3 3 1
 12  3  3 3 3  4  4 4 0  5  4 2 1
 12  3  3 3 3  4  4 4 0  5  4 3 0
 12  3  3 3 3  4  4 4 0  5  5 1 1
 12  3  3 3 3  4  4 4 0  5  5 2 0
 12  3  3 3 3  4  4 4 0  6  2 2 2
 12  3  3 3 3  4  4 4 0  6  3 2 1
 12  3  3 3 3  4  4 4 0  6  3 3 0
 12  3  3 3 3  4  4 4 0  6  4 1 1
 12  3  3 3 3  4  4 4 0  6  4 2 0
 12  3  3 3 3  4  4 4 0  6  5 1 0
 12  3  3 3 3  4  4 4 0  6  6 0 0
 12  3  3 3 3  4  4 4 0  7  2 2 1
 12  3  3 3 3  4  4 4 0  7  3 1 1
 12  3  3 3 3  4  4 4 0  7  3 2 0
 12  3  3 3 3  4  4 4 0  7  4 1 0
 12  3  3 3 3  4  4 4 0  8  2 1 1
 12  3  3 3 3  4  4 4 0  8  2 2 0
 12  3  3 3 3  4  4 4 0  8  3 1 0
 12  3  3 3 3  4  4 4 0  9  1 1 1
 12  3  3 3 3  5  3 2 2  4  4 4 0
 12  3  3 3 3  5  3 3 1  4  4 4 0
 12  3  3 3 3  5  4 2 1  4  4 4 0
 12  3  3 3 3  5  4 3 0  4  4 4 0
 12  3  3 3 3  5  5 1 1  4  4 4 0
 12  3  3 3 3  5  5 2 0  4  4 4 0
 12  3  3 3 3  5  5 2 0  8  2 1 1
 12  3  3 3 3  6  2 2 2  4  4 4 0
 12  3  3 3 3  6  2 2 2  6  6 0 0
 12  3  3 3 3  6  3 2 1  4  4 4 0
 12  3  3 3 3  6  3 3 0  4  4 4 0
 12  3  3 3 3  6  3 3 0  8  2 2 0
 12  3  3 3 3  6  4 1 1  4  4 4 0
 12  3  3 3 3  6  4 2 0  4  4 4 0
 12  3  3 3 3  6  5 1 0  4  4 4 0
 12  3  3 3 3  6  6 0 0  4  4 4 0
 12  3  3 3 3  6  6 0 0  6  2 2 2
 12  3  3 3 3  7  2 2 1  4  4 4 0
 12  3  3 3 3  7  3 1 1  4  4 4 0
 12  3  3 3 3  7  3 2 0  4  4 4 0
 12  3  3 3 3  7  4 1 0  4  4 4 0
 12  3  3 3 3  8  2 1 1  4  4 4 0
 12  3  3 3 3  8  2 1 1  5  5 2 0
 12  3  3 3 3  8  2 2 0  4  4 4 0
 12  3  3 3 3  8  2 2 0  6  3 3 0
 12  3  3 3 3  8  3 1 0  4  4 4 0
 12  3  3 3 3  9  1 1 1  4  4 4 0
 12  4  3 3 2  3  3 3 3  4  4 4 0
 12  4  3 3 2  4  4 2 2  4  4 4 0
 12  4  3 3 2  4  4 4 0  3  3 3 3
 12  4  3 3 2  4  4 4 0  4  4 2 2
 12  4  3 3 2  4  4 4 0  5  5 1 1
 12  4  3 3 2  4  4 4 0  6  6 0 0
 12  4  3 3 2  5  5 1 1  4  4 4 0
 12  4  3 3 2  6  6 0 0  4  4 4 0
 12  4  4 2 2  3  3 3 3  4  4 4 0
 12  4  4 2 2  4  3 3 2  4  4 4 0
 12  4  4 2 2  4  4 4 0  3  3 3 3
 12  4  4 2 2  4  4 4 0  4  3 3 2
 12  4  4 2 2  4  4 4 0  9  1 1 1
 12  4  4 2 2  6  3 3 0  9  1 1 1
 12  4  4 2 2  9  1 1 1  4  4 4 0
 12  4  4 2 2  9  1 1 1  6  3 3 0
 12  4  4 3 1  3  3 3 3  4  4 4 0
 12  4  4 3 1  4  4 4 0  3  3 3 3
 12  4  4 4 0  3  3 3 3  3  3 3 3
 12  4  4 4 0  3  3 3 3  4  3 3 2
 12  4  4 4 0  3  3 3 3  4  4 2 2
 12  4  4 4 0  3  3 3 3  4  4 3 1
 12  4  4 4 0  3  3 3 3  4  4 4 0
 12  4  4 4 0  3  3 3 3  5  3 2 2
 12  4  4 4 0  3  3 3 3  5  3 3 1
 12  4  4 4 0  3  3 3 3  5  4 2 1
 12  4  4 4 0  3  3 3 3  5  4 3 0
 12  4  4 4 0  3  3 3 3  5  5 1 1
 12  4  4 4 0  3  3 3 3  5  5 2 0
 12  4  4 4 0  3  3 3 3  6  2 2 2
 12  4  4 4 0  3  3 3 3  6  3 2 1
 12  4  4 4 0  3  3 3 3  6  3 3 0
 12  4  4 4 0  3  3 3 3  6  4 1 1
 12  4  4 4 0  3  3 3 3  6  4 2 0
 12  4  4 4 0  3  3 3 3  6  5 1 0
 12  4  4 4 0  3  3 3 3  6  6 0 0
 12  4  4 4 0  3  3 3 3  7  2 2 1
 12  4  4 4 0  3  3 3 3  7  3 1 1
 12  4  4 4 0  3  3 3 3  7  3 2 0
 12  4  4 4 0  3  3 3 3  7  4 1 0
 12  4  4 4 0  3  3 3 3  8  2 1 1
 12  4  4 4 0  3  3 3 3  8  2 2 0
 12  4  4 4 0  3  3 3 3  8  3 1 0
 12  4  4 4 0  3  3 3 3  9  1 1 1
 12  4  4 4 0  4  3 3 2  3  3 3 3
 12  4  4 4 0  4  3 3 2  4  4 2 2
 12  4  4 4 0  4  3 3 2  5  5 1 1
 12  4  4 4 0  4  3 3 2  6  6 0 0
 12  4  4 4 0  4  4 2 2  3  3 3 3
 12  4  4 4 0  4  4 2 2  4  3 3 2
 12  4  4 4 0  4  4 2 2  9  1 1 1
 12  4  4 4 0  4  4 3 1  3  3 3 3
 12  4  4 4 0  4  4 4 0  3  3 3 3
 12  4  4 4 0  5  3 2 2  3  3 3 3
 12  4  4 4 0  5  3 2 2  9  1 1 1
 12  4  4 4 0  5  3 3 1  3  3 3 3
 12  4  4 4 0  5  4 2 1  3  3 3 3
 12  4  4 4 0  5  4 3 0  3  3 3 3
 12  4  4 4 0  5  5 1 1  3  3 3 3
 12  4  4 4 0  5  5 1 1  4  3 3 2
 12  4  4 4 0  5  5 1 1  9  1 1 1
 12  4  4 4 0  5  5 2 0  3  3 3 3
 12  4  4 4 0  6  2 2 2  3  3 3 3
 12  4  4 4 0  6  2 2 2  8  2 1 1
 12  4  4 4 0  6  3 2 1  3  3 3 3
 12  4  4 4 0  6  3 3 0  3  3 3 3
 12  4  4 4 0  6  4 1 1  3  3 3 3
 12  4  4 4 0  6  4 2 0  3  3 3 3
 12  4  4 4 0  6  5 1 0  3  3 3 3
 12  4  4 4 0  6  6 0 0  3  3 3 3
 12  4  4 4 0  6  6 0 0  4  3 3 2
 12  4  4 4 0  6  6 0 0  7  3 1 1
 12  4  4 4 0  7  2 2 1  3  3 3 3
 12  4  4 4 0  7  3 1 1  3  3 3 3
 12  4  4 4 0  7  3 1 1  6  6 0 0
 12  4  4 4 0  7  3 2 0  3  3 3 3
 12  4  4 4 0  7  4 1 0  3  3 3 3
 12  4  4 4 0  8  2 1 1  3  3 3 3
 12  4  4 4 0  8  2 1 1  6  2 2 2
 12  4  4 4 0  8  2 2 0  3  3 3 3
 12  4  4 4 0  8  3 1 0  3  3 3 3
 12  4  4 4 0  9  1 1 1  3  3 3 3
 12  4  4 4 0  9  1 1 1  4  4 2 2
 12  4  4 4 0  9  1 1 1  5  3 2 2
 12  4  4 4 0  9  1 1 1  5  5 1 1
 12  5  3 2 2  3  3 3 3  4  4 4 0
 12  5  3 2 2  4  4 4 0  3  3 3 3
 12  5  3 2 2  4  4 4 0  9  1 1 1
 12  5  3 2 2  9  1 1 1  4  4 4 0
 12  5  3 3 1  3  3 3 3  4  4 4 0
 12  5  3 3 1  4  4 4 0  3  3 3 3
 12  5  4 2 1  3  3 3 3  4  4 4 0
 12  5  4 2 1  4  4 4 0  3  3 3 3
 12  5  4 3 0  3  3 3 3  4  4 4 0
 12  5  4 3 0  4  4 4 0  3  3 3 3
 12  5  5 1 1  3  3 3 3  4  4 4 0
 12  5  5 1 1  4  3 3 2  4  4 4 0
 12  5  5 1 1  4  4 4 0  3  3 3 3
 12  5  5 1 1  4  4 4 0  4  3 3 2
 12  5  5 1 1  4  4 4 0  9  1 1 1
 12  5  5 1 1  6  3 3 0  9  1 1 1
 12  5  5 1 1  9  1 1 1  4  4 4 0
 12  5  5 1 1  9  1 1 1  6  3 3 0
 12  5  5 2 0  3  3 3 3  4  4 4 0
 12  5  5 2 0  3  3 3 3  8  2 1 1
 12  5  5 2 0  4  4 4 0  3  3 3 3
 12  5  5 2 0  8  2 1 1  3  3 3 3
 12  6  2 2 2  3  3 3 3  4  4 4 0
 12  6  2 2 2  3  3 3 3  6  6 0 0
 12  6  2 2 2  4  4 4 0  3  3 3 3
 12  6  2 2 2  4  4 4 0  8  2 1 1
 12  6  2 2 2  6  6 0 0  3  3 3 3
 12  6  2 2 2  8  2 1 1  4  4 4 0
 12  6  3 2 1  3  3 3 3  4  4 4 0
 12  6  3 2 1  4  4 4 0  3  3 3 3
 12  6  3 3 0  3  3 3 3  4  4 4 0
 12  6  3 3 0  3  3 3 3  8  2 2 0
 12  6  3 3 0  4  4 2 2  9  1 1 1
 12  6  3 3 0  4  4 4 0  3  3 3 3
 12  6  3 3 0  5  5 1 1  9  1 1 1
 12  6  3 3 0  8  2 2 0  3  3 3 3
 12  6  3 3 0  9  1 1 1  4  4 2 2
 12  6  3 3 0  9  1 1 1  5  5 1 1
 12  6  4 1 1  3  3 3 3  4  4 4 0
 12  6  4 1 1  4  4 4 0  3  3 3 3
 12  6  4 2 0  3  3 3 3  4  4 4 0
 12  6  4 2 0  4  4 4 0  3  3 3 3
 12  6  5 1 0  3  3 3 3  4  4 4 0
 12  6  5 1 0  4  4 4 0  3  3 3 3
 12  6  6 0 0  3  3 3 3  4  4 4 0
 12  6  6 0 0  3  3 3 3  6  2 2 2
 12  6  6 0 0  4  3 3 2  4  4 4 0
 12  6  6 0 0  4  4 4 0  3  3 3 3
 12  6  6 0 0  4  4 4 0  4  3 3 2
 12  6  6 0 0  4  4 4 0  7  3 1 1
 12  6  6 0 0  6  2 2 2  3  3 3 3
 12  6  6 0 0  7  3 1 1  4  4 4 0
 12  7  2 2 1  3  3 3 3  4  4 4 0
 12  7  2 2 1  4  4 4 0  3  3 3 3
 12  7  3 1 1  3  3 3 3  4  4 4 0
 12  7  3 1 1  4  4 4 0  3  3 3 3
 12  7  3 1 1  4  4 4 0  6  6 0 0
 12  7  3 1 1  6  6 0 0  4  4 4 0
 12  7  3 2 0  3  3 3 3  4  4 4 0
 12  7  3 2 0  4  4 4 0  3  3 3 3
 12  7  4 1 0  3  3 3 3  4  4 4 0
 12  7  4 1 0  4  4 4 0  3  3 3 3
 12  8  2 1 1  3  3 3 3  4  4 4 0
 12  8  2 1 1  3  3 3 3  5  5 2 0
 12  8  2 1 1  4  4 4 0  3  3 3 3
 12  8  2 1 1  4  4 4 0  6  2 2 2
 12  8  2 1 1  5  5 2 0  3  3 3 3
 12  8  2 1 1  6  2 2 2  4  4 4 0
 12  8  2 2 0  3  3 3 3  4  4 4 0
 12  8  2 2 0  3  3 3 3  6  3 3 0
 12  8  2 2 0  4  4 4 0  3  3 3 3
 12  8  2 2 0  6  3 3 0  3  3 3 3
 12  8  3 1 0  3  3 3 3  4  4 4 0
 12  8  3 1 0  4  4 4 0  3  3 3 3
 12  9  1 1 1  3  3 3 3  4  4 4 0
 12  9  1 1 1  4  4 2 2  4  4 4 0
 12  9  1 1 1  4  4 2 2  6  3 3 0
 12  9  1 1 1  4  4 4 0  3  3 3 3
 12  9  1 1 1  4  4 4 0  4  4 2 2
 12  9  1 1 1  4  4 4 0  5  3 2 2
 12  9  1 1 1  4  4 4 0  5  5 1 1
 12  9  1 1 1  5  3 2 2  4  4 4 0
 12  9  1 1 1  5  5 1 1  4  4 4 0
 12  9  1 1 1  5  5 1 1  6  3 3 0
 12  9  1 1 1  6  3 3 0  4  4 2 2
 12  9  1 1 1  6  3 3 0  5  5 1 1
 14  5  5 2 2  6  4 4 0 11  1 1 1
 14  5  5 2 2 11  1 1 1  6  4 4 0
 14  6  4 4 0  5  5 2 2 11  1 1 1
 14  6  4 4 0 11  1 1 1  5  5 2 2
 14 11  1 1 1  5  5 2 2  6  4 4 0
 14 11  1 1 1  6  4 4 0  5  5 2 2
 15  5  5 5 0  6  3 3 3 11  2 1 1
 15  5  5 5 0 11  2 1 1  6  3 3 3
 15  6  3 3 3  5  5 5 0 11  2 1 1
 15  6  3 3 3 11  2 1 1  5  5 5 0
 15 11  2 1 1  5  5 5 0  6  3 3 3
 15 11  2 1 1  6  3 3 3  5  5 5 0
 18  6  6 3 3  6  6 6 0 14  2 2 0
 18  6  6 3 3 14  2 2 0  6  6 6 0
 18  6  6 6 0  6  6 3 3 14  2 2 0
 18  6  6 6 0  9  3 3 3 12  2 2 2
 18  6  6 6 0 12  2 2 2  9  3 3 3
 18  6  6 6 0 14  2 2 0  6  6 3 3
 18  9  3 3 3  6  6 6 0 12  2 2 2
 18  9  3 3 3 12  2 2 2  6  6 6 0
 18 12  2 2 2  6  6 6 0  9  3 3 3
 18 12  2 2 2  9  3 3 3  6  6 6 0
 18 14  2 2 0  6  6 3 3  6  6 6 0
 18 14  2 2 0  6  6 6 0  6  6 3 3
 20  5  5 5 5  8  6 6 0 14  3 3 0
 20  5  5 5 5 14  3 3 0  8  6 6 0
 20  6  6 6 2 10 10 0 0 11  3 3 3
 20  6  6 6 2 11  3 3 3 10 10 0 0
 20  8  6 6 0  5  5 5 5 14  3 3 0
 20  8  6 6 0 14  3 3 0  5  5 5 5
 20 10 10 0 0  6  6 6 2 11  3 3 3
 20 10 10 0 0 11  3 3 3  6  6 6 2
 20 11  3 3 3  6  6 6 2 10 10 0 0
 20 11  3 3 3 10 10 0 0  6  6 6 2
 20 14  3 3 0  5  5 5 5  8  6 6 0
 20 14  3 3 0  8  6 6 0  5  5 5 5
 21  7  7 7 0 12  3 3 3 12  3 3 3
 21 12  3 3 3  7  7 7 0 12  3 3 3
 21 12  3 3 3 12  3 3 3  7  7 7 0
 24  7  7 5 5  8  8 8 0 18  3 3 0
 24  7  7 5 5 18  3 3 0  8  8 8 0
 24  8  8 8 0  7  7 5 5 18  3 3 0
 24  8  8 8 0 18  3 3 0  7  7 5 5
 24 18  3 3 0  7  7 5 5  8  8 8 0
 24 18  3 3 0  8  8 8 0  7  7 5 5

328 extreme rays:
  1  1  0 0 0  1  0 0 0  1  0 0 0
  2  1  1 0 0  1  1 0 0  1  1 0 0
  2  1  1 0 0  1  1 0 0  2  0 0 0
  2  1  1 0 0  2  0 0 0  1  1 0 0
  2  2  0 0 0  1  1 0 0  1  1 0 0
  3  1  1 1 0  1  1 1 0  1  1 1 0
  3  1  1 1 0  1  1 1 0  3  0 0 0
  3  1  1 1 0  2  1 0 0  2  1 0 0
  3  1  1 1 0  3  0 0 0  1  1 1 0
  3  2  1 0 0  1  1 1 0  2  1 0 0
  3  2  1 0 0  2  1 0 0  1  1 1 0
  3  3  0 0 0  1  1 1 0  1  1 1 0
  4  1  1 1 1  1  1 1 1  1  1 1 1
  4  1  1 1 1  1  1 1 1  2  2 0 0
  4  1  1 1 1  1  1 1 1  4  0 0 0
  4  1  1 1 1  2  1 1 0  2  2 0 0
  4  1  1 1 1  2  1 1 0  3  1 0 0
  4  1  1 1 1  2  2 0 0  1  1 1 1
  4  1  1 1 1  2  2 0 0  2  1 1 0
  4  1  1 1 1  2  2 0 0  2  2 0 0
  4  1  1 1 1  3  1 0 0  2  1 1 0
  4  1  1 1 1  4  0 0 0  1  1 1 1
  4  2  1 1 0  1  1 1 1  2  2 0 0
  4  2  1 1 0  1  1 1 1  3  1 0 0
  4  2  1 1 0  2  2 0 0  1  1 1 1
  4  2  1 1 0  2  2 0 0  3  1 0 0
  4  2  1 1 0  3  1 0 0  1  1 1 1
  4  2  1 1 0  3  1 0 0  2  2 0 0
  4  2  2 0 0  1  1 1 1  1  1 1 1
  4  2  2 0 0  1  1 1 1  2  1 1 0
  4  2  2 0 0  1  1 1 1  2  2 0 0
  4  2  2 0 0  2  1 1 0  1  1 1 1
  4  2  2 0 0  2  1 1 0  3  1 0 0
  4  2  2 0 0  2  2 0 0  1  1 1 1
  4  2  2 0 0  3  1 0 0  2  1 1 0
  4  3  1 0 0  1  1 1 1  2  1 1 0
  4  3  1 0 0  2  1 1 0  1  1 1 1
  4  3  1 0 0  2  1 1 0  2  2 0 0
  4  3  1 0 0  2  2 0 0  2  1 1 0
  4  4  0 0 0  1  1 1 1  1  1 1 1
  5  2  1 1 1  2  2 1 0  4  1 0 0
  5  2  1 1 1  4  1 0 0  2  2 1 0
  5  2  2 1 0  2  1 1 1  4  1 0 0
  5  2  2 1 0  4  1 0 0  2  1 1 1
  5  4  1 0 0  2  1 1 1  2  2 1 0
  5  4  1 0 0  2  2 1 0  2  1 1 1
  6  2  2 1 1  2  2 2 0  5  1 0 0
  6  2  2 1 1  4  1 1 0  4  1 1 0
  6  2  2 1 1  5  1 0 0  2  2 2 0
  6  2  2 2 0  2  2 1 1  5  1 0 0
  6  2  2 2 0  2  2 2 0  3  3 0 0
  6  2  2 2 0  3  1 1 1  3  3 0 0
  6  2  2 2 0  3  1 1 1  4  2 0 0
  6  2  2 2 0  3  3 0 0  2  2 2 0
  6  2  2 2 0  3  3 0 0  3  1 1 1
  6  2  2 2 0  3  3 0 0  3  3 0 0
  6  2  2 2 0  3  3 0 0  4  1 1 0
  6  2  2 2 0  4  1 1 0  3  3 0 0
  6  2  2 2 0  4  2 0 0  3  1 1 1
  6  2  2 2 0  5  1 0 0  2  2 1 1
  6  3  1 1 1  2  2 2 0  3  3 0 0
  6  3  1 1 1  2  2 2 0  4  2 0 0
  6  3  1 1 1  3  3 0 0  2  2 2 0
  6  3  1 1 1  3  3 0 0  4  1 1 0
  6  3  1 1 1  4  1 1 0  3  3 0 0
  6  3  1 1 1  4  2 0 0  2  2 2 0
  6  3  3 0 0  2  2 2 0  2  2 2 0
  6  3  3 0 0  2  2 2 0  3  1 1 1
  6  3  3 0 0  2  2 2 0  3  3 0 0
  6  3  3 0 0  2  2 2 0  4  1 1 0
  6  3  3 0 0  3  1 1 1  2  2 2 0
  6  3  3 0 0  3  1 1 1  4  1 1 0
  6  3  3 0 0  3  3 0 0  2  2 2 0
  6  3  3 0 0  4  1 1 0  2  2 2 0
  6  3  3 0 0  4  1 1 0  3  1 1 1
  6  3  3 0 0  4  1 1 0  4  1 1 0
  6  4  1 1 0  2  2 1 1  4  1 1 0
  6  4  1 1 0  2  2 2 0  3  3 0 0
  6  4  1 1 0  3  1 1 1  3  3 0 0
  6  4  1 1 0  3  3 0 0  2  2 2 0
  6  4  1 1 0  3  3 0 0  3  1 1 1
  6  4  1 1 0  3  3 0 0  4  1 1 0
  6  4  1 1 0  4  1 1 0  2  2 1 1
  6  4  1 1 0  4  1 1 0  3  3 0 0
  6  4  2 0 0  2  2 2 0  3  1 1 1
  6  4  2 0 0  3  1 1 1  2  2 2 0
  6  5  1 0 0  2  2 1 1  2  2 2 0
  6  5  1 0 0  2  2 2 0  2  2 1 1
  7  2  2 2 1  4  1 1 1  4  3 0 0
  7  2  2 2 1  4  3 0 0  4  1 1 1
  7  3  3 1 0  4  1 1 1  5  1 1 0
  7  3  3 1 0  5  1 1 0  4  1 1 1
  7  4  1 1 1  2  2 2 1  4  3 0 0
  7  4  1 1 1  3  3 1 0  5  1 1 0
  7  4  1 1 1  4  3 0 0  2  2 2 1
  7  4  1 1 1  5  1 1 0  3  3 1 0
  7  4  3 0 0  2  2 2 1  4  1 1 1
  7  4  3 0 0  4  1 1 1  2  2 2 1
  7  5  1 1 0  3  3 1 0  4  1 1 1
  7  5  1 1 0  4  1 1 1  3  3 1 0
  8  2  2 2 2  3  3 2 0  5  3 0 0
  8  2  2 2 2  3  3 2 0  6  1 1 0
  8  2  2 2 2  4  2 1 1  5  3 0 0
  8  2  2 2 2  4  3 1 0  5  1 1 1
  8  2  2 2 2  5  1 1 1  4  3 1 0
  8  2  2 2 2  5  3 0 0  3  3 2 0
  8  2  2 2 2  5  3 0 0  4  2 1 1
  8  2  2 2 2  6  1 1 0  3  3 2 0
  8  3  2 2 1  4  4 0 0  5  1 1 1
  8  3  2 2 1  5  1 1 1  4  4 0 0
  8  3  3 2 0  2  2 2 2  5  3 0 0
  8  3  3 2 0  2  2 2 2  6  1 1 0
  8  3  3 2 0  5  1 1 1  5  1 1 1
  8  3  3 2 0  5  3 0 0  2  2 2 2
  8  3  3 2 0  6  1 1 0  2  2 2 2
  8  4  2 1 1  2  2 2 2  5  3 0 0
  8  4  2 1 1  5  3 0 0  2  2 2 2
  8  4  2 2 0  4  4 0 0  5  1 1 1
  8  4  2 2 0  5  1 1 1  4  4 0 0
  8  4  3 1 0  2  2 2 2  5  1 1 1
  8  4  3 1 0  5  1 1 1  2  2 2 2
  8  4  4 0 0  3  2 2 1  5  1 1 1
  8  4  4 0 0  4  2 2 0  5  1 1 1
  8  4  4 0 0  5  1 1 1  3  2 2 1
  8  4  4 0 0  5  1 1 1  4  2 2 0
  8  4  4 0 0  5  1 1 1  5  1 1 1
  8  5  1 1 1  2  2 2 2  4  3 1 0
  8  5  1 1 1  3  2 2 1  4  4 0 0
  8  5  1 1 1  3  3 2 0  5  1 1 1
  8  5  1 1 1  4  2 2 0  4  4 0 0
  8  5  1 1 1  4  3 1 0  2  2 2 2
  8  5  1 1 1  4  4 0 0  3  2 2 1
  8  5  1 1 1  4  4 0 0  4  2 2 0
  8  5  1 1 1  4  4 0 0  5  1 1 1
  8  5  1 1 1  5  1 1 1  3  3 2 0
  8  5  1 1 1  5  1 1 1  4  4 0 0
  8  5  3 0 0  2  2 2 2  3  3 2 0
  8  5  3 0 0  2  2 2 2  4  2 1 1
  8  5  3 0 0  3  3 2 0  2  2 2 2
  8  5  3 0 0  4  2 1 1  2  2 2 2
  8  6  1 1 0  2  2 2 2  3  3 2 0
  8  6  1 1 0  3  3 2 0  2  2 2 2
  9  3  2 2 2  3  3 3 0  6  3 0 0
  9  3  2 2 2  3  3 3 0  7  1 1 0
  9  3  2 2 2  4  4 1 0  6  1 1 1
  9  3  2 2 2  6  1 1 1  4  4 1 0
  9  3  2 2 2  6  3 0 0  3  3 3 0
  9  3  2 2 2  7  1 1 0  3  3 3 0
  9  3  3 3 0  3  2 2 2  6  3 0 0
  9  3  3 3 0  3  2 2 2  7  1 1 0
  9  3  3 3 0  4  3 1 1  7  1 1 0
  9  3  3 3 0  5  2 1 1  6  1 1 1
  9  3  3 3 0  6  1 1 1  5  2 1 1
  9  3  3 3 0  6  3 0 0  3  2 2 2
  9  3  3 3 0  7  1 1 0  3  2 2 2
  9  3  3 3 0  7  1 1 0  4  3 1 1
  9  4  3 1 1  3  3 3 0  7  1 1 0
  9  4  3 1 1  7  1 1 0  3  3 3 0
  9  4  4 1 0  3  2 2 2  6  1 1 1
  9  4  4 1 0  6  1 1 1  3  2 2 2
  9  5  2 1 1  3  3 3 0  6  1 1 1
  9  5  2 1 1  6  1 1 1  3  3 3 0
  9  6  1 1 1  3  2 2 2  4  4 1 0
  9  6  1 1 1  3  3 3 0  5  2 1 1
  9  6  1 1 1  4  4 1 0  3  2 2 2
  9  6  1 1 1  5  2 1 1  3  3 3 0
  9  6  3 0 0  3  2 2 2  3  3 3 0
  9  6  3 0 0  3  3 3 0  3  2 2 2
  9  7  1 1 0  3  2 2 2  3  3 3 0
  9  7  1 1 0  3  3 3 0  3  2 2 2
  9  7  1 1 0  3  3 3 0  4  3 1 1
  9  7  1 1 0  4  3 1 1  3  3 3 0
 10  3  3 2 2  4  3 3 0  8  1 1 0
 10  3  3 2 2  8  1 1 0  4  3 3 0
 10  3  3 3 1  5  5 0 0  6  2 1 1
 10  3  3 3 1  6  2 1 1  5  5 0 0
 10  4  2 2 2  5  5 0 0  6  2 1 1
 10  4  2 2 2  6  2 1 1  5  5 0 0
 10  4  3 3 0  3  3 2 2  8  1 1 0
 10  4  3 3 0  4  4 1 1  8  1 1 0
 10  4  3 3 0  8  1 1 0  3  3 2 2
 10  4  3 3 0  8  1 1 0  4  4 1 1
 10  4  4 1 1  4  3 3 0  8  1 1 0
 10  4  4 1 1  6  2 2 0  7  1 1 1
 10  4  4 1 1  7  1 1 1  6  2 2 0
 10  4  4 1 1  8  1 1 0  4  3 3 0
 10  5  5 0 0  3  3 3 1  6  2 1 1
 10  5  5 0 0  4  2 2 2  6  2 1 1
 10  5  5 0 0  6  2 1 1  3  3 3 1
 10  5  5 0 0  6  2 1 1  4  2 2 2
 10  6  2 1 1  3  3 3 1  5  5 0 0
 10  6  2 1 1  4  2 2 2  5  5 0 0
 10  6  2 1 1  5  5 0 0  3  3 3 1
 10  6  2 1 1  5  5 0 0  4  2 2 2
 10  6  2 2 0  4  4 1 1  7  1 1 1
 10  6  2 2 0  7  1 1 1  4  4 1 1
 10  7  1 1 1  4  4 1 1  6  2 2 0
 10  7  1 1 1  6  2 2 0  4  4 1 1
 10  8  1 1 0  3  3 2 2  4  3 3 0
 10  8  1 1 0  4  3 3 0  3  3 2 2
 10  8  1 1 0  4  3 3 0  4  4 1 1
 10  8  1 1 0  4  4 1 1  4  3 3 0
 11  4  4 3 0  5  2 2 2  8  1 1 1
 11  4  4 3 0  8  1 1 1  5  2 2 2
 11  5  2 2 2  4  4 3 0  8  1 1 1
 11  5  2 2 2  8  1 1 1  4  4 3 0
 11  8  1 1 1  4  4 3 0  5  2 2 2
 11  8  1 1 1  5  2 2 2  4  4 3 0
 12  3  3 3 3  3  3 3 3  4  4 4 0
 12  3  3 3 3  4  4 4 0  3  3 3 3
 12  3  3 3 3  4  4 4 0  4  4 4 0
 12  3  3 3 3  4  4 4 0  6  6 0 0
 12  3  3 3 3  4  4 4 0  8  2 2 0
 12  3  3 3 3  4  4 4 0  8  3 1 0
 12  3  3 3 3  4  4 4 0  9  1 1 1
 12  3  3 3 3  5  5 2 0  8  2 1 1
 12  3  3 3 3  6  2 2 2  6  6 0 0
 12  3  3 3 3  6  3 3 0  8  2 2 0
 12  3  3 3 3  6  6 0 0  4  4 4 0
 12  3  3 3 3  6  6 0 0  6  2 2 2
 12  3  3 3 3  8  2 1 1  5  5 2 0
 12  3  3 3 3  8  2 2 0  4  4 4 0
 12  3  3 3 3  8  2 2 0  6  3 3 0
 12  3  3 3 3  8  3 1 0  4  4 4 0
 12  3  3 3 3  9  1 1 1  4  4 4 0
 12  4  4 2 2  6  3 3 0  9  1 1 1
 12  4  4 2 2  9  1 1 1  6  3 3 0
 12  4  4 4 0  3  3 3 3  3  3 3 3
 12  4  4 4 0  3  3 3 3  4  4 4 0
 12  4  4 4 0  3  3 3 3  6  6 0 0
 12  4  4 4 0  3  3 3 3  8  2 2 0
 12  4  4 4 0  3  3 3 3  8  3 1 0
 12  4  4 4 0  3  3 3 3  9  1 1 1
 12  4  4 4 0  4  4 4 0  3  3 3 3
 12  4  4 4 0  5  3 2 2  9  1 1 1
 12  4  4 4 0  5  5 1 1  9  1 1 1
 12  4  4 4 0  6  6 0 0  3  3 3 3
 12  4  4 4 0  6  6 0 0  7  3 1 1
 12  4  4 4 0  7  3 1 1  6  6 0 0
 12  4  4 4 0  8  2 2 0  3  3 3 3
 12  4  4 4 0  8  3 1 0  3  3 3 3
 12  4  4 4 0  9  1 1 1  3  3 3 3
 12  4  4 4 0  9  1 1 1  5  3 2 2
 12  4  4 4 0  9  1 1 1  5  5 1 1
 12  5  3 2 2  4  4 4 0  9  1 1 1
 12  5  3 2 2  9  1 1 1  4  4 4 0
 12  5  5 1 1  4  4 4 0  9  1 1 1
 12  5  5 1 1  6  3 3 0  9  1 1 1
 12  5  5 1 1  9  1 1 1  4  4 4 0
 12  5  5 1 1  9  1 1 1  6  3 3 0
 12  5  5 2 0  3  3 3 3  8  2 1 1
 12  5  5 2 0  8  2 1 1  3  3 3 3
 12  6  2 2 2  3  3 3 3  6  6 0 0
 12  6  2 2 2  6  6 0 0  3  3 3 3
 12  6  3 3 0  3  3 3 3  8  2 2 0
 12  6  3 3 0  4  4 2 2  9  1 1 1
 12  6  3 3 0  5  5 1 1  9  1 1 1
 12  6  3 3 0  8  2 2 0  3  3 3 3
 12  6  3 3 0  9  1 1 1  4  4 2 2
 12  6  3 3 0  9  1 1 1  5  5 1 1
 12  6  6 0 0  3  3 3 3  4  4 4 0
 12  6  6 0 0  3  3 3 3  6  2 2 2
 12  6  6 0 0  4  4 4 0  3  3 3 3
 12  6  6 0 0  4  4 4 0  7  3 1 1
 12  6  6 0 0  6  2 2 2  3  3 3 3
 12  6  6 0 0  7  3 1 1  4  4 4 0
 12  7  3 1 1  4  4 4 0  6  6 0 0
 12  7  3 1 1  6  6 0 0  4  4 4 0
 12  8  2 1 1  3  3 3 3  5  5 2 0
 12  8  2 1 1  5  5 2 0  3  3 3 3
 12  8  2 2 0  3  3 3 3  4  4 4 0
 12  8  2 2 0  3  3 3 3  6  3 3 0
 12  8  2 2 0  4  4 4 0  3  3 3 3
 12  8  2 2 0  6  3 3 0  3  3 3 3
 12  8  3 1 0  3  3 3 3  4  4 4 0
 12  8  3 1 0  4  4 4 0  3  3 3 3
 12  9  1 1 1  3  3 3 3  4  4 4 0
 12  9  1 1 1  4  4 2 2  6  3 3 0
 12  9  1 1 1  4  4 4 0  3  3 3 3
 12  9  1 1 1  4  4 4 0  5  3 2 2
 12  9  1 1 1  4  4 4 0  5  5 1 1
 12  9  1 1 1  5  3 2 2  4  4 4 0
 12  9  1 1 1  5  5 1 1  4  4 4 0
 12  9  1 1 1  5  5 1 1  6  3 3 0
 12  9  1 1 1  6  3 3 0  4  4 2 2
 12  9  1 1 1  6  3 3 0  5  5 1 1
 14  5  5 2 2  6  4 4 0 11  1 1 1
 14  5  5 2 2 11  1 1 1  6  4 4 0
 14  6  4 4 0  5  5 2 2 11  1 1 1
 14  6  4 4 0 11  1 1 1  5  5 2 2
 14 11  1 1 1  5  5 2 2  6  4 4 0
 14 11  1 1 1  6  4 4 0  5  5 2 2
 15  5  5 5 0  6  3 3 3 11  2 1 1
 15  5  5 5 0 11  2 1 1  6  3 3 3
 15  6  3 3 3  5  5 5 0 11  2 1 1
 15  6  3 3 3 11  2 1 1  5  5 5 0
 15 11  2 1 1  5  5 5 0  6  3 3 3
 15 11  2 1 1  6  3 3 3  5  5 5 0
 18  6  6 3 3  6  6 6 0 14  2 2 0
 18  6  6 3 3 14  2 2 0  6  6 6 0
 18  6  6 6 0  6  6 3 3 14  2 2 0
 18  6  6 6 0  9  3 3 3 12  2 2 2
 18  6  6 6 0 12  2 2 2  9  3 3 3
 18  6  6 6 0 14  2 2 0  6  6 3 3
 18  9  3 3 3  6  6 6 0 12  2 2 2
 18  9  3 3 3 12  2 2 2  6  6 6 0
 18 12  2 2 2  6  6 6 0  9  3 3 3
 18 12  2 2 2  9  3 3 3  6  6 6 0
 18 14  2 2 0  6  6 3 3  6  6 6 0
 18 14  2 2 0  6  6 6 0  6  6 3 3
 20  5  5 5 5  8  6 6 0 14  3 3 0
 20  5  5 5 5 14  3 3 0  8  6 6 0
 20  6  6 6 2 10 10 0 0 11  3 3 3
 20  6  6 6 2 11  3 3 3 10 10 0 0
 20  8  6 6 0  5  5 5 5 14  3 3 0
 20  8  6 6 0 14  3 3 0  5  5 5 5
 20 10 10 0 0  6  6 6 2 11  3 3 3
 20 10 10 0 0 11  3 3 3  6  6 6 2
 20 11  3 3 3  6  6 6 2 10 10 0 0
 20 11  3 3 3 10 10 0 0  6  6 6 2
 20 14  3 3 0  5  5 5 5  8  6 6 0
 20 14  3 3 0  8  6 6 0  5  5 5 5
 24  7  7 5 5  8  8 8 0 18  3 3 0
 24  7  7 5 5 18  3 3 0  8  8 8 0
 24  8  8 8 0  7  7 5 5 18  3 3 0
 24  8  8 8 0 18  3 3 0  7  7 5 5
 24 18  3 3 0  7  7 5 5  8  8 8 0
 24 18  3 3 0  8  8 8 0  7  7 5 5

270 support hyperplanes:
 -1  0  0  0 0  0  0  0 0  1  1  2 0
 -1  0  0  0 0  1  1  2 0  0  0  0 0
 -1  1  1  2 0  0  0  0 0  0  0  0 0
  0 -2 -1  1 0 -1  2  1 0  3  2  1 0
  0 -2 -1  1 0  3  2  1 0 -1  2  1 0
  0 -1 -2  1 0 -1  2  1 0  2  3  1 0
  0 -1 -2  1 0  2  3  1 0 -1  2  1 0
  0 -1  0  1 0 -1  0  1 0  2  1  1 0
  0 -1  0  1 0  0 -1  1 0  1  2  1 0
  0 -1  0  1 0  1  2  1 0  0 -1  1 0
  0 -1  0  1 0  2  1  1 0 -1  0  1 0
  0 -1  2  1 0 -2 -1  1 0  3  2  1 0
  0 -1  2  1 0 -1 -2  1 0  2  3  1 0
  0 -1  2  1 0  2  3  1 0 -1 -2  1 0
  0 -1  2  1 0  3  2  1 0 -2 -1  1 0
  0  0 -1  1 0 -1  0  1 0  1  2  1 0
  0  0 -1  1 0  1  2  1 0 -1  0  1 0
  0  0  0  0 0  0  0  0 0  0  1 -1 0
  0  0  0  0 0  0  0  0 0  1 -1  0 0
  0  0  0  0 0  0  1 -1 0  0  0  0 0
  0  0  0  0 0  1 -1  0 0  0  0  0 0
  0  0  1 -1 0  0  0  0 0  0  0  0 0
  0  1 -1  0 0  0  0  0 0  0  0  0 0
  0  1  2  1 0 -1  0  1 0  0 -1  1 0
  0  1  2  1 0  0 -1  1 0 -1  0  1 0
  0  2  1  1 0 -1  0  1 0 -1  0  1 0
  0  2  3  1 0 -1 -2  1 0 -1  2  1 0
  0  2  3  1 0 -1  2  1 0 -1 -2  1 0
  0  3  2  1 0 -2 -1  1 0 -1  2  1 0
  0  3  2  1 0 -1  2  1 0 -2 -1  1 0
  1 -2 -3 -1 0 -1  2  1 0  3  2  1 0
  1 -2 -3 -1 0  3  2  1 0 -1  2  1 0
  1 -2 -2 -1 0 -1  1  1 0  2  2  1 0
  1 -2 -2 -1 0  2  2  1 0 -1  1  1 0
  1 -2 -1 -2 0 -1  1  1 0  2  1  2 0
  1 -2 -1 -2 0  2  1  2 0 -1  1  1 0
  1 -2 -1 -1 0 -1  1  0 0  2  1  1 0
  1 -2 -1 -1 0  2  1  1 0 -1  1  0 0
  1 -2 -1  0 0 -1  1  1 0  2  1  0 0
  1 -2 -1  0 0  2  1  0 0 -1  1  1 0
  1 -2  0 -1 0 -1  1  1 0  2  0  1 0
  1 -2  0 -1 0  0  2  1 0  1 -1  1 0
  1 -2  0 -1 0  1 -1  1 0  0  2  1 0
  1 -2  0 -1 0  2  0  1 0 -1  1  1 0
  1 -1 -2 -3 0 -1  2  1 0  1  3  2 0
  1 -1 -2 -3 0  1  3  2 0 -1  2  1 0
  1 -1 -2 -2 0 -1  1  1 0  1  2  2 0
  1 -1 -2 -2 0  1  2  2 0 -1  1  1 0
  1 -1 -2 -1 0 -1  0  1 0  2  1  1 0
  1 -1 -2 -1 0 -1  1  0 0  1  2  1 0
  1 -1 -2 -1 0  1  2  1 0 -1  1  0 0
  1 -1 -2 -1 0  2  1  1 0 -1  0  1 0
  1 -1 -2  0 0 -1  1  1 0  1  2  0 0
  1 -1 -2  0 0  1  2  0 0 -1  1  1 0
  1 -1 -2  1 0 -1  2  1 0  2  1 -1 0
  1 -1 -2  1 0  2  1 -1 0 -1  2  1 0
  1 -1 -1 -2 0 -1  0  1 0  1  2  1 0
  1 -1 -1 -2 0 -1  1  0 0  1  1  2 0
  1 -1 -1 -2 0  1  1  2 0 -1  1  0 0
  1 -1 -1 -2 0  1  2  1 0 -1  0  1 0
  1 -1 -1 -1 0 -1  0  0 0  1  1  1 0
  1 -1 -1 -1 0  0  0  0 0  0  0  0 0
  1 -1 -1 -1 0  1  1  1 0 -1  0  0 0
  1 -1 -1  0 0 -1  0  0 0  1  1  0 0
  1 -1 -1  0 0  0  0 -1 0  0  1  1 0
  1 -1 -1  0 0  0  1  1 0  0  0 -1 0
  1 -1 -1  0 0  1  1  0 0 -1  0  0 0
  1 -1 -1  1 0 -1  1  1 0  1  1 -1 0
  1 -1 -1  1 0  1  1 -1 0 -1  1  1 0
  1 -1  0 -2 0 -1  1  1 0  1  0  2 0
  1 -1  0 -2 0  1  0  2 0 -1  1  1 0
  1 -1  0 -1 0 -1  0  0 0  1  0  1 0
  1 -1  0 -1 0  0 -1  0 0  0  1  1 0
  1 -1  0 -1 0  0  1  1 0  0 -1  0 0
  1 -1  0 -1 0  1  0  1 0 -1  0  0 0
  1 -1  0  0 0 -1 -1 -1 0  1  1  1 0
  1 -1  0  0 0 -1 -1  0 0  1  1  0 0
  1 -1  0  0 0 -1  0 -1 0  1  0  1 0
  1 -1  0  0 0 -1  0  0 0  1  0  0 0
  1 -1  0  0 0  0 -1 -1 0  0  1  1 0
  1 -1  0  0 0  0 -1  0 0  0  1  0 0
  1 -1  0  0 0  0  0 -1 0  0  0  1 0
  1 -1  0  0 0  0  0  1 0  0  0 -1 0
  1 -1  0  0 0  0  1  0 0  0 -1  0 0
  1 -1  0  0 0  0  1  1 0  0 -1 -1 0
  1 -1  0  0 0  1  0  0 0 -1  0  0 0
  1 -1  0  0 0  1  0  1 0 -1  0 -1 0
  1 -1  0  0 0  1  1  0 0 -1 -1  0 0
  1 -1  0  0 0  1  1  1 0 -1 -1 -1 0
  1 -1  0  1 0 -1 -2 -1 0  2  1  1 0
  1 -1  0  1 0 -1 -1 -2 0  1  2  1 0
  1 -1  0  1 0 -1  1  0 0  1  0 -1 0
  1 -1  0  1 0  0 -1  1 0  1  0 -1 0
  1 -1  0  1 0  1  0 -1 0 -1  1  0 0
  1 -1  0  1 0  1  0 -1 0  0 -1  1 0
  1 -1  0  1 0  1  2  1 0 -1 -1 -2 0
  1 -1  0  1 0  2  1  1 0 -1 -2 -1 0
  1 -1  1 -1 0 -1  1  1 0  1 -1  1 0
  1 -1  1 -1 0  1 -1  1 0 -1  1  1 0
  1 -1  1  0 0 -2 -1 -1 0  2  1  1 0
  1 -1  1  0 0 -1 -2 -1 0  1  2  1 0
  1 -1  1  0 0 -1 -1 -2 0  1  1  2 0
  1 -1  1  0 0 -1  0  1 0  1  0 -1 0
  1 -1  1  0 0 -1  1  0 0  1 -1  0 0
  1 -1  1  0 0  0 -1  1 0  0  1 -1 0
  1 -1  1  0 0  0  1 -1 0  0 -1  1 0
  1 -1  1  0 0  1 -1  0 0 -1  1  0 0
  1 -1  1  0 0  1  0 -1 0 -1  0  1 0
  1 -1  1  0 0  1  1  2 0 -1 -1 -2 0
  1 -1  1  0 0  1  2  1 0 -1 -2 -1 0
  1 -1  1  0 0  2  1  1 0 -2 -1 -1 0
  1 -1  1  1 0 -2 -2 -1 0  2  2  1 0
  1 -1  1  1 0 -2 -1 -2 0  2  1  2 0
  1 -1  1  1 0 -2 -1  0 0  2  1  0 0
  1 -1  1  1 0 -2  0 -1 0  2  0  1 0
  1 -1  1  1 0 -1 -2 -2 0  1  2  2 0
  1 -1  1  1 0 -1 -2  0 0  1  2  0 0
  1 -1  1  1 0 -1 -1  1 0  1  1 -1 0
  1 -1  1  1 0 -1  0 -2 0  1  0  2 0
  1 -1  1  1 0 -1  1 -1 0  1 -1  1 0
  1 -1  1  1 0 -1  1  1 0  1 -1 -1 0
  1 -1  1  1 0  0 -2 -1 0  0  2  1 0
  1 -1  1  1 0  0 -1 -2 0  0  1  2 0
  1 -1  1  1 0  0  1  2 0  0 -1 -2 0
  1 -1  1  1 0  0  2  1 0  0 -2 -1 0
  1 -1  1  1 0  1 -1 -1 0 -1  1  1 0
  1 -1  1  1 0  1 -1  1 0 -1  1 -1 0
  1 -1  1  1 0  1  0  2 0 -1  0 -2 0
  1 -1  1  1 0  1  1 -1 0 -1 -1  1 0
  1 -1  1  1 0  1  2  0 0 -1 -2  0 0
  1 -1  1  1 0  1  2  2 0 -1 -2 -2 0
  1 -1  1  1 0  2  0  1 0 -2  0 -1 0
  1 -1  1  1 0  2  1  0 0 -2 -1  0 0
  1 -1  1  1 0  2  1  2 0 -2 -1 -2 0
  1 -1  1  1 0  2  2  1 0 -2 -2 -1 0
  1 -1  2  1 0 -2 -3 -1 0  3  2  1 0
  1 -1  2  1 0 -1 -2 -3 0  1  3  2 0
  1 -1  2  1 0 -1 -2  1 0  2  1 -1 0
  1 -1  2  1 0 -1  2  1 0  1 -1 -2 0
  1 -1  2  1 0  1 -1 -2 0 -1  2  1 0
  1 -1  2  1 0  1  3  2 0 -1 -2 -3 0
  1 -1  2  1 0  2  1 -1 0 -1 -2  1 0
  1 -1  2  1 0  3  2  1 0 -2 -3 -1 0
  1  0 -2 -1 0 -1  1  1 0  0  2  1 0
  1  0 -2 -1 0  0  2  1 0 -1  1  1 0
  1  0 -1 -2 0 -1  1  1 0  0  1  2 0
  1  0 -1 -2 0  0  1  2 0 -1  1  1 0
  1  0 -1 -1 0 -1  0  0 0  0  1  1 0
  1  0 -1 -1 0  0  1  1 0 -1  0  0 0
  1  0 -1  0 0 -1  0 -1 0  0  1  1 0
  1  0 -1  0 0 -1  0  0 0  0  1  0 0
  1  0 -1  0 0  0  1  0 0 -1  0  0 0
  1  0 -1  0 0  0  1  1 0 -1  0 -1 0
  1  0 -1  1 0 -1  0  1 0  1  0 -1 0
  1  0 -1  1 0 -1  1  0 0  0  1 -1 0
  1  0 -1  1 0  0  1 -1 0 -1  1  0 0
  1  0 -1  1 0  1  0 -1 0 -1  0  1 0
  1  0  0 -1 0 -1 -1  0 0  0  1  1 0
  1  0  0 -1 0 -1  0  0 0  0  0  1 0
  1  0  0 -1 0  0  0  1 0 -1  0  0 0
  1  0  0 -1 0  0  1  1 0 -1 -1  0 0
  1  0  0  0 0 -1 -1 -1 0  0  0  0 0
  1  0  0  0 0  0  0  0 0 -1 -1 -1 0
  1  0  0  1 0 -1  0  0 0  0  0 -1 0
  1  0  0  1 0  0  0 -1 0 -1  0  0 0
  1  0  1 -1 0 -1  1  0 0  0 -1  1 0
  1  0  1 -1 0  0 -1  1 0 -1  1  0 0
  1  0  1  0 0 -1  0  0 0  0 -1  0 0
  1  0  1  0 0  0 -1  0 0 -1  0  0 0
  1  0  1  1 0 -1 -1  0 0  0  0 -1 0
  1  0  1  1 0 -1  0 -1 0  0 -1  0 0
  1  0  1  1 0 -1  0  0 0  0 -1 -1 0
  1  0  1  1 0  0 -1 -1 0 -1  0  0 0
  1  0  1  1 0  0 -1  0 0 -1  0 -1 0
  1  0  1  1 0  0  0 -1 0 -1 -1  0 0
  1  0  1  2 0 -1  1  1 0  0 -1 -2 0
  1  0  1  2 0  0 -1 -2 0 -1  1  1 0
  1  0  2  1 0 -2  0 -1 0  1 -1  1 0
  1  0  2  1 0 -1  1  1 0  0 -2 -1 0
  1  0  2  1 0  0 -2 -1 0 -1  1  1 0
  1  0  2  1 0  1 -1  1 0 -2  0 -1 0
  1  1 -1 -2 0 -1  2  1 0 -1  2  1 0
  1  1 -1 -1 0 -1  1  1 0 -1  1  1 0
  1  1 -1  0 0 -1  1  0 0 -1  1  0 0
  1  1 -1  1 0 -2  0 -1 0  0  2  1 0
  1  1 -1  1 0 -1  1 -1 0 -1  1  1 0
  1  1 -1  1 0 -1  1  1 0 -1  1 -1 0
  1  1 -1  1 0  0  2  1 0 -2  0 -1 0
  1  1  0 -1 0 -1  0  1 0 -1  1  0 0
  1  1  0 -1 0 -1  0  1 0  0 -1  1 0
  1  1  0 -1 0 -1  1  0 0 -1  0  1 0
  1  1  0 -1 0  0 -1  1 0 -1  0  1 0
  1  1  0  0 0 -1  0  0 0 -1  0  0 0
  1  1  0  1 0 -1  0 -1 0 -1  0  0 0
  1  1  0  1 0 -1  0  0 0 -1  0 -1 0
  1  1  0  2 0 -1  0 -2 0 -1  1  1 0
  1  1  0  2 0 -1  1  1 0 -1  0 -2 0
  1  1  1 -1 0 -1 -1  1 0 -1  1  1 0
  1  1  1 -1 0 -1  1  1 0 -1 -1  1 0
  1  1  1  0 0 -1 -1  0 0 -1  0  0 0
  1  1  1  0 0 -1  0  0 0 -1 -1  0 0
  1  1  1  1 0 -1 -1 -1 0 -1  0  0 0
  1  1  1  1 0 -1  0  0 0 -1 -1 -1 0
  1  1  1  2 0 -1 -1 -2 0 -1  1  0 0
  1  1  1  2 0 -1  1  0 0 -1 -1 -2 0
  1  1  2  0 0 -1 -2  0 0 -1  1  1 0
  1  1  2  0 0 -1  1  1 0 -1 -2  0 0
  1  1  2  1 0 -1 -2 -1 0 -1  1  0 0
  1  1  2  1 0 -1 -1 -2 0 -1  0  1 0
  1  1  2  1 0 -1  0  1 0 -1 -1 -2 0
  1  1  2  1 0 -1  1  0 0 -1 -2 -1 0
  1  1  2  2 0 -1 -2 -2 0 -1  1  1 0
  1  1  2  2 0 -1  1  1 0 -1 -2 -2 0
  1  1  3  2 0 -1 -2 -3 0 -1  2  1 0
  1  1  3  2 0 -1  2  1 0 -1 -2 -3 0
  1  2  0  1 0 -2  0 -1 0 -1  1  1 0
  1  2  0  1 0 -1  1  1 0 -2  0 -1 0
  1  2  1 -1 0 -1 -2  1 0 -1  2  1 0
  1  2  1 -1 0 -1  2  1 0 -1 -2  1 0
  1  2  1  0 0 -2 -1  0 0 -1  1  1 0
  1  2  1  0 0 -1  1  1 0 -2 -1  0 0
  1  2  1  1 0 -2 -1 -1 0 -1  1  0 0
  1  2  1  1 0 -1 -2 -1 0 -1  0  1 0
  1  2  1  1 0 -1  0  1 0 -1 -2 -1 0
  1  2  1  1 0 -1  1  0 0 -2 -1 -1 0
  1  2  1  2 0 -2 -1 -2 0 -1  1  1 0
  1  2  1  2 0 -1  1  1 0 -2 -1 -2 0
  1  2  2  1 0 -2 -2 -1 0 -1  1  1 0
  1  2  2  1 0 -1  1  1 0 -2 -2 -1 0
  1  3  2  1 0 -2 -3 -1 0 -1  2  1 0
  1  3  2  1 0 -1  2  1 0 -2 -3 -1 0
  2 -2 -1 -2 0 -2  0 -1 0  2  2  1 0
  2 -2 -1 -2 0  2  2  1 0 -2  0 -1 0
  2 -2 -1 -1 0 -1 -1 -2 0  2  1  1 0
  2 -2 -1 -1 0  2  1  1 0 -1 -1 -2 0
  2 -2 -1  0 0 -1 -2 -2 0  2  2  1 0
  2 -2 -1  0 0  2  2  1 0 -1 -2 -2 0
  2 -2 -1  1 0 -1 -2 -3 0  3  2  1 0
  2 -2 -1  1 0  3  2  1 0 -1 -2 -3 0
  2 -2  0 -1 0 -2 -1 -2 0  2  2  1 0
  2 -2  0 -1 0 -2  0 -1 0  2  1  0 0
  2 -2  0 -1 0 -1 -2 -2 0  2  1  2 0
  2 -2  0 -1 0  0 -1 -2 0  1  0  2 0
  2 -2  0 -1 0  1  0  2 0  0 -1 -2 0
  2 -2  0 -1 0  2  1  0 0 -2  0 -1 0
  2 -2  0 -1 0  2  1  2 0 -1 -2 -2 0
  2 -2  0 -1 0  2  2  1 0 -2 -1 -2 0
  2 -1 -2 -3 0 -2 -1  1 0  3  2  1 0
  2 -1 -2 -3 0  3  2  1 0 -2 -1  1 0
  2 -1 -2 -2 0 -2 -1  0 0  2  2  1 0
  2 -1 -2 -2 0 -2  0 -1 0  2  1  2 0
  2 -1 -2 -2 0  2  1  2 0 -2  0 -1 0
  2 -1 -2 -2 0  2  2  1 0 -2 -1  0 0
  2 -1 -1 -2 0 -2 -1 -1 0  2  1  1 0
  2 -1 -1 -2 0  2  1  1 0 -2 -1 -1 0
  2  0 -1 -2 0 -2  0 -1 0  1  0  2 0
  2  0 -1 -2 0  1  0  2 0 -2  0 -1 0
  2  1  0  2 0 -2  0 -1 0  0 -1 -2 0
  2  1  0  2 0  0 -1 -2 0 -2  0 -1 0
  2  2  1  0 0 -2  0 -1 0 -2  0 -1 0
  2  2  1  1 0 -2 -1 -1 0 -1 -1 -2 0
  2  2  1  1 0 -1 -1 -2 0 -2 -1 -1 0
  2  2  1  2 0 -2  0 -1 0 -1 -2 -2 0
  2  2  1  2 0 -1 -2 -2 0 -2  0 -1 0
  2  2  2  1 0 -2 -1 -2 0 -2  0 -1 0
  2  2  2  1 0 -2 -1  0 0 -1 -2 -2 0
  2  2  2  1 0 -2  0 -1 0 -2 -1 -2 0
  2  2  2  1 0 -1 -2 -2 0 -2 -1  0 0
  2  3  2  1 0 -2 -1  1 0 -1 -2 -3 0
  2  3  2  1 0 -1 -2 -3 0 -2 -1  1 0

3 equations:
 1 0 0 0 0 0 0 0 0 -1 -1 -1 -1
 0 1 1 1 1 0 0 0 0 -1 -1 -1 -1
 0 0 0 0 0 1 1 1 1 -1 -1 -1 -1

10 basis elements of generated  lattice:
 1 0 0 0  1 0 0 0  1 0 0 0  1
 0 1 0 0 -1 0 0 0  0 0 0 0  0
 0 0 1 0 -1 0 0 0  0 0 0 0  0
 0 0 0 1 -1 0 0 0  0 0 0 0  0
 0 0 0 0  0 1 0 0 -1 0 0 0  0
 0 0 0 0  0 0 1 0 -1 0 0 0  0
 0 0 0 0  0 0 0 1 -1 0 0 0  0
 0 0 0 0  0 0 0 0  0 1 0 0 -1
 0 0 0 0  0 0 0 0  0 0 1 0 -1
 0 0 0 0  0 0 0 0  0 0 0 1 -1


